0 info it worked if it ends with ok
1 verbose cli [ 'node', '/usr/local/bin/npm', 'install' ]
2 info using npm@2.7.4
3 info using node@v0.12.2
4 warn package.json hafrjalyat@1.0.0 No repository field.
5 verbose install where, deps [ '/Users/samir/Documents/HafrJalyat',
5 verbose install   [ 'gulp',
5 verbose install     'gulp-sass',
5 verbose install     'gulp-concat',
5 verbose install     'gulp-minify-css',
5 verbose install     'gulp-rename',
5 verbose install     'bower',
5 verbose install     'gulp-util',
5 verbose install     'shelljs' ] ]
6 verbose install where, peers [ '/Users/samir/Documents/HafrJalyat', [] ]
7 info preinstall hafrjalyat@1.0.0
8 silly cache add args [ 'gulp-sass@^1.3.3', null ]
9 verbose cache add spec gulp-sass@^1.3.3
10 silly cache add parsed spec { raw: 'gulp-sass@^1.3.3',
10 silly cache add   scope: null,
10 silly cache add   name: 'gulp-sass',
10 silly cache add   rawSpec: '^1.3.3',
10 silly cache add   spec: '>=1.3.3 <2.0.0',
10 silly cache add   type: 'range' }
11 verbose addNamed gulp-sass@>=1.3.3 <2.0.0
12 silly addNamed semver.valid null
13 silly addNamed semver.validRange >=1.3.3 <2.0.0
14 silly addNameRange { name: 'gulp-sass', range: '>=1.3.3 <2.0.0', hasData: false }
15 silly mapToRegistry name gulp-sass
16 silly mapToRegistry using default registry
17 silly mapToRegistry registry https://registry.npmjs.org/
18 silly mapToRegistry uri https://registry.npmjs.org/gulp-sass
19 verbose addNameRange registry:https://registry.npmjs.org/gulp-sass not in flight; fetching
20 silly cache add args [ 'gulp-concat@^2.2.0', null ]
21 verbose cache add spec gulp-concat@^2.2.0
22 silly cache add parsed spec { raw: 'gulp-concat@^2.2.0',
22 silly cache add   scope: null,
22 silly cache add   name: 'gulp-concat',
22 silly cache add   rawSpec: '^2.2.0',
22 silly cache add   spec: '>=2.2.0 <3.0.0',
22 silly cache add   type: 'range' }
23 verbose addNamed gulp-concat@>=2.2.0 <3.0.0
24 silly addNamed semver.valid null
25 silly addNamed semver.validRange >=2.2.0 <3.0.0
26 silly addNameRange { name: 'gulp-concat', range: '>=2.2.0 <3.0.0', hasData: false }
27 silly mapToRegistry name gulp-concat
28 silly mapToRegistry using default registry
29 silly mapToRegistry registry https://registry.npmjs.org/
30 silly mapToRegistry uri https://registry.npmjs.org/gulp-concat
31 verbose addNameRange registry:https://registry.npmjs.org/gulp-concat not in flight; fetching
32 silly cache add args [ 'gulp-minify-css@^0.3.0', null ]
33 verbose cache add spec gulp-minify-css@^0.3.0
34 silly cache add parsed spec { raw: 'gulp-minify-css@^0.3.0',
34 silly cache add   scope: null,
34 silly cache add   name: 'gulp-minify-css',
34 silly cache add   rawSpec: '^0.3.0',
34 silly cache add   spec: '>=0.3.0 <0.4.0',
34 silly cache add   type: 'range' }
35 verbose addNamed gulp-minify-css@>=0.3.0 <0.4.0
36 silly addNamed semver.valid null
37 silly addNamed semver.validRange >=0.3.0 <0.4.0
38 silly addNameRange { name: 'gulp-minify-css',
38 silly addNameRange   range: '>=0.3.0 <0.4.0',
38 silly addNameRange   hasData: false }
39 silly mapToRegistry name gulp-minify-css
40 silly mapToRegistry using default registry
41 silly mapToRegistry registry https://registry.npmjs.org/
42 silly mapToRegistry uri https://registry.npmjs.org/gulp-minify-css
43 verbose addNameRange registry:https://registry.npmjs.org/gulp-minify-css not in flight; fetching
44 silly cache add args [ 'gulp-rename@^1.2.0', null ]
45 verbose cache add spec gulp-rename@^1.2.0
46 silly cache add parsed spec { raw: 'gulp-rename@^1.2.0',
46 silly cache add   scope: null,
46 silly cache add   name: 'gulp-rename',
46 silly cache add   rawSpec: '^1.2.0',
46 silly cache add   spec: '>=1.2.0 <2.0.0',
46 silly cache add   type: 'range' }
47 verbose addNamed gulp-rename@>=1.2.0 <2.0.0
48 silly addNamed semver.valid null
49 silly addNamed semver.validRange >=1.2.0 <2.0.0
50 silly addNameRange { name: 'gulp-rename', range: '>=1.2.0 <2.0.0', hasData: false }
51 silly mapToRegistry name gulp-rename
52 silly mapToRegistry using default registry
53 silly mapToRegistry registry https://registry.npmjs.org/
54 silly mapToRegistry uri https://registry.npmjs.org/gulp-rename
55 verbose addNameRange registry:https://registry.npmjs.org/gulp-rename not in flight; fetching
56 silly cache add args [ 'bower@^1.3.3', null ]
57 verbose cache add spec bower@^1.3.3
58 silly cache add parsed spec { raw: 'bower@^1.3.3',
58 silly cache add   scope: null,
58 silly cache add   name: 'bower',
58 silly cache add   rawSpec: '^1.3.3',
58 silly cache add   spec: '>=1.3.3 <2.0.0',
58 silly cache add   type: 'range' }
59 verbose addNamed bower@>=1.3.3 <2.0.0
60 silly addNamed semver.valid null
61 silly addNamed semver.validRange >=1.3.3 <2.0.0
62 silly addNameRange { name: 'bower', range: '>=1.3.3 <2.0.0', hasData: false }
63 silly mapToRegistry name bower
64 silly mapToRegistry using default registry
65 silly mapToRegistry registry https://registry.npmjs.org/
66 silly mapToRegistry uri https://registry.npmjs.org/bower
67 verbose addNameRange registry:https://registry.npmjs.org/bower not in flight; fetching
68 silly cache add args [ 'gulp-util@^2.2.14', null ]
69 verbose cache add spec gulp-util@^2.2.14
70 silly cache add parsed spec { raw: 'gulp-util@^2.2.14',
70 silly cache add   scope: null,
70 silly cache add   name: 'gulp-util',
70 silly cache add   rawSpec: '^2.2.14',
70 silly cache add   spec: '>=2.2.14 <3.0.0',
70 silly cache add   type: 'range' }
71 verbose addNamed gulp-util@>=2.2.14 <3.0.0
72 silly addNamed semver.valid null
73 silly addNamed semver.validRange >=2.2.14 <3.0.0
74 silly addNameRange { name: 'gulp-util', range: '>=2.2.14 <3.0.0', hasData: false }
75 silly mapToRegistry name gulp-util
76 silly mapToRegistry using default registry
77 silly mapToRegistry registry https://registry.npmjs.org/
78 silly mapToRegistry uri https://registry.npmjs.org/gulp-util
79 verbose addNameRange registry:https://registry.npmjs.org/gulp-util not in flight; fetching
80 silly cache add args [ 'shelljs@^0.3.0', null ]
81 verbose cache add spec shelljs@^0.3.0
82 silly cache add parsed spec { raw: 'shelljs@^0.3.0',
82 silly cache add   scope: null,
82 silly cache add   name: 'shelljs',
82 silly cache add   rawSpec: '^0.3.0',
82 silly cache add   spec: '>=0.3.0 <0.4.0',
82 silly cache add   type: 'range' }
83 verbose addNamed shelljs@>=0.3.0 <0.4.0
84 silly addNamed semver.valid null
85 silly addNamed semver.validRange >=0.3.0 <0.4.0
86 silly addNameRange { name: 'shelljs', range: '>=0.3.0 <0.4.0', hasData: false }
87 silly mapToRegistry name shelljs
88 silly mapToRegistry using default registry
89 silly mapToRegistry registry https://registry.npmjs.org/
90 silly mapToRegistry uri https://registry.npmjs.org/shelljs
91 verbose addNameRange registry:https://registry.npmjs.org/shelljs not in flight; fetching
92 silly cache add args [ 'gulp@^3.5.6', null ]
93 verbose cache add spec gulp@^3.5.6
94 silly cache add parsed spec { raw: 'gulp@^3.5.6',
94 silly cache add   scope: null,
94 silly cache add   name: 'gulp',
94 silly cache add   rawSpec: '^3.5.6',
94 silly cache add   spec: '>=3.5.6 <4.0.0',
94 silly cache add   type: 'range' }
95 verbose addNamed gulp@>=3.5.6 <4.0.0
96 silly addNamed semver.valid null
97 silly addNamed semver.validRange >=3.5.6 <4.0.0
98 silly addNameRange { name: 'gulp', range: '>=3.5.6 <4.0.0', hasData: false }
99 silly mapToRegistry name gulp
100 silly mapToRegistry using default registry
101 silly mapToRegistry registry https://registry.npmjs.org/
102 silly mapToRegistry uri https://registry.npmjs.org/gulp
103 verbose addNameRange registry:https://registry.npmjs.org/gulp not in flight; fetching
104 verbose request uri https://registry.npmjs.org/gulp-sass
105 verbose request no auth needed
106 info attempt registry request try #1 at 10:31:23 PM
107 verbose request id 2b2d0bece52aeb25
108 http request GET https://registry.npmjs.org/gulp-sass
109 verbose request uri https://registry.npmjs.org/gulp-concat
110 verbose request no auth needed
111 info attempt registry request try #1 at 10:31:23 PM
112 http request GET https://registry.npmjs.org/gulp-concat
113 verbose request uri https://registry.npmjs.org/gulp-minify-css
114 verbose request no auth needed
115 info attempt registry request try #1 at 10:31:23 PM
116 http request GET https://registry.npmjs.org/gulp-minify-css
117 verbose request uri https://registry.npmjs.org/gulp-rename
118 verbose request no auth needed
119 info attempt registry request try #1 at 10:31:23 PM
120 http request GET https://registry.npmjs.org/gulp-rename
121 verbose request uri https://registry.npmjs.org/gulp-util
122 verbose request no auth needed
123 info attempt registry request try #1 at 10:31:23 PM
124 http request GET https://registry.npmjs.org/gulp-util
125 verbose request uri https://registry.npmjs.org/shelljs
126 verbose request no auth needed
127 info attempt registry request try #1 at 10:31:23 PM
128 http request GET https://registry.npmjs.org/shelljs
129 verbose request uri https://registry.npmjs.org/gulp
130 verbose request no auth needed
131 info attempt registry request try #1 at 10:31:23 PM
132 http request GET https://registry.npmjs.org/gulp
133 verbose request uri https://registry.npmjs.org/bower
134 verbose request no auth needed
135 info attempt registry request try #1 at 10:31:23 PM
136 verbose etag "2SHCY448UNTIGQLC27IBCEXU0"
137 http request GET https://registry.npmjs.org/bower
138 http 200 https://registry.npmjs.org/gulp-rename
139 silly get cb [ 200,
139 silly get   { server: 'CouchDB/1.5.0 (Erlang OTP/R16B03)',
139 silly get     etag: '"AIJLSLI42NTPJWYR5AULSKQVR"',
139 silly get     'content-type': 'application/json',
139 silly get     'cache-control': 'max-age=60',
139 silly get     'content-length': '13409',
139 silly get     'accept-ranges': 'bytes',
139 silly get     date: 'Sun, 06 Dec 2015 19:31:24 GMT',
139 silly get     via: '1.1 varnish',
139 silly get     age: '21',
139 silly get     connection: 'keep-alive',
139 silly get     'x-served-by': 'cache-lcy1120-LCY',
139 silly get     'x-cache': 'HIT',
139 silly get     'x-cache-hits': '1',
139 silly get     'x-timer': 'S1449430284.421126,VS0,VE0',
139 silly get     vary: 'Accept' } ]
140 verbose get saving gulp-rename to /Users/samir/.npm/registry.npmjs.org/gulp-rename/.cache.json
141 silly addNameRange number 2 { name: 'gulp-rename', range: '>=1.2.0 <2.0.0', hasData: true }
142 silly addNameRange versions [ 'gulp-rename',
142 silly addNameRange   [ '0.1.0', '0.2.1', '0.2.2', '1.0.0', '1.1.0', '1.2.0', '1.2.2' ] ]
143 verbose addNamed gulp-rename@1.2.2
144 silly addNamed semver.valid 1.2.2
145 silly addNamed semver.validRange 1.2.2
146 silly mapToRegistry name gulp-rename
147 silly mapToRegistry using default registry
148 silly mapToRegistry registry https://registry.npmjs.org/
149 silly mapToRegistry uri https://registry.npmjs.org/gulp-rename
150 verbose addRemoteTarball https://registry.npmjs.org/gulp-rename/-/gulp-rename-1.2.2.tgz not in flight; adding
151 verbose addRemoteTarball [ 'https://registry.npmjs.org/gulp-rename/-/gulp-rename-1.2.2.tgz',
151 verbose addRemoteTarball   '3ad4428763f05e2764dec1c67d868db275687817' ]
152 info retry fetch attempt 1 at 10:31:24 PM
153 info attempt registry request try #1 at 10:31:24 PM
154 http fetch GET https://registry.npmjs.org/gulp-rename/-/gulp-rename-1.2.2.tgz
155 http 200 https://registry.npmjs.org/gulp-concat
156 silly get cb [ 200,
156 silly get   { server: 'CouchDB/1.5.0 (Erlang OTP/R16B03)',
156 silly get     etag: '"77EJHSLR1HRYJZBI0SBUM5MIT"',
156 silly get     'content-type': 'application/json',
156 silly get     'cache-control': 'max-age=60',
156 silly get     'content-length': '38204',
156 silly get     'accept-ranges': 'bytes',
156 silly get     date: 'Sun, 06 Dec 2015 19:31:24 GMT',
156 silly get     via: '1.1 varnish',
156 silly get     age: '33',
156 silly get     connection: 'keep-alive',
156 silly get     'x-served-by': 'cache-lcy1122-LCY',
156 silly get     'x-cache': 'HIT',
156 silly get     'x-cache-hits': '1',
156 silly get     'x-timer': 'S1449430284.424878,VS0,VE0',
156 silly get     vary: 'Accept' } ]
157 verbose get saving gulp-concat to /Users/samir/.npm/registry.npmjs.org/gulp-concat/.cache.json
158 silly addNameRange number 2 { name: 'gulp-concat', range: '>=2.2.0 <3.0.0', hasData: true }
159 silly addNameRange versions [ 'gulp-concat',
159 silly addNameRange   [ '0.0.1',
159 silly addNameRange     '1.0.0',
159 silly addNameRange     '1.1.0',
159 silly addNameRange     '2.0.0',
159 silly addNameRange     '2.1.0',
159 silly addNameRange     '2.1.1',
159 silly addNameRange     '2.1.2',
159 silly addNameRange     '2.1.3',
159 silly addNameRange     '2.1.4',
159 silly addNameRange     '2.1.5',
159 silly addNameRange     '2.1.6',
159 silly addNameRange     '2.1.7',
159 silly addNameRange     '2.2.0',
159 silly addNameRange     '2.3.0',
159 silly addNameRange     '2.3.3',
159 silly addNameRange     '2.3.4',
159 silly addNameRange     '2.3.5',
159 silly addNameRange     '2.4.0',
159 silly addNameRange     '2.4.1',
159 silly addNameRange     '2.4.2',
159 silly addNameRange     '2.4.3',
159 silly addNameRange     '2.5.0',
159 silly addNameRange     '2.5.1',
159 silly addNameRange     '2.5.2',
159 silly addNameRange     '2.6.0' ] ]
160 verbose addNamed gulp-concat@2.6.0
161 silly addNamed semver.valid 2.6.0
162 silly addNamed semver.validRange 2.6.0
163 silly mapToRegistry name gulp-concat
164 silly mapToRegistry using default registry
165 silly mapToRegistry registry https://registry.npmjs.org/
166 silly mapToRegistry uri https://registry.npmjs.org/gulp-concat
167 verbose addRemoteTarball https://registry.npmjs.org/gulp-concat/-/gulp-concat-2.6.0.tgz not in flight; adding
168 verbose addRemoteTarball [ 'https://registry.npmjs.org/gulp-concat/-/gulp-concat-2.6.0.tgz',
168 verbose addRemoteTarball   '585cfb115411f348773131140566b6a81c69cb91' ]
169 info retry fetch attempt 1 at 10:31:24 PM
170 info attempt registry request try #1 at 10:31:24 PM
171 http fetch GET https://registry.npmjs.org/gulp-concat/-/gulp-concat-2.6.0.tgz
172 http 200 https://registry.npmjs.org/gulp-minify-css
173 silly get cb [ 200,
173 silly get   { server: 'CouchDB/1.5.0 (Erlang OTP/R16B03)',
173 silly get     etag: '"DNZET8NYB9SB23UFGF85KG0J3"',
173 silly get     'content-type': 'application/json',
173 silly get     'cache-control': 'max-age=60',
173 silly get     'content-length': '63834',
173 silly get     'accept-ranges': 'bytes',
173 silly get     date: 'Sun, 06 Dec 2015 19:31:24 GMT',
173 silly get     via: '1.1 varnish',
173 silly get     age: '33',
173 silly get     connection: 'keep-alive',
173 silly get     'x-served-by': 'cache-lcy1126-LCY',
173 silly get     'x-cache': 'HIT',
173 silly get     'x-cache-hits': '1',
173 silly get     'x-timer': 'S1449430284.429001,VS0,VE0',
173 silly get     vary: 'Accept' } ]
174 verbose get saving gulp-minify-css to /Users/samir/.npm/registry.npmjs.org/gulp-minify-css/.cache.json
175 http 200 https://registry.npmjs.org/gulp-sass
176 silly get cb [ 200,
176 silly get   { server: 'CouchDB/1.5.0 (Erlang OTP/R16B03)',
176 silly get     etag: '"1Q110AKLKOG4WP5YJG56ZIY8B"',
176 silly get     'content-type': 'application/json',
176 silly get     'cache-control': 'max-age=60',
176 silly get     'content-length': '43503',
176 silly get     'accept-ranges': 'bytes',
176 silly get     date: 'Sun, 06 Dec 2015 19:31:24 GMT',
176 silly get     via: '1.1 varnish',
176 silly get     age: '34',
176 silly get     connection: 'keep-alive',
176 silly get     'x-served-by': 'cache-lcy1125-LCY',
176 silly get     'x-cache': 'HIT',
176 silly get     'x-cache-hits': '2',
176 silly get     'x-timer': 'S1449430284.430369,VS0,VE0',
176 silly get     vary: 'Accept' } ]
177 verbose get saving gulp-sass to /Users/samir/.npm/registry.npmjs.org/gulp-sass/.cache.json
178 silly addNameRange number 2 { name: 'gulp-sass', range: '>=1.3.3 <2.0.0', hasData: true }
179 silly addNameRange versions [ 'gulp-sass',
179 silly addNameRange   [ '0.1.0',
179 silly addNameRange     '0.2.1',
179 silly addNameRange     '0.2.2',
179 silly addNameRange     '0.2.3',
179 silly addNameRange     '0.3.0',
179 silly addNameRange     '0.4.0',
179 silly addNameRange     '0.4.1',
179 silly addNameRange     '0.5.0',
179 silly addNameRange     '0.5.1',
179 silly addNameRange     '0.5.2',
179 silly addNameRange     '0.6.0',
179 silly addNameRange     '0.7.0',
179 silly addNameRange     '0.7.1',
179 silly addNameRange     '0.7.2',
179 silly addNameRange     '0.7.3',
179 silly addNameRange     '1.0.0',
179 silly addNameRange     '1.1.0',
179 silly addNameRange     '1.2.0',
179 silly addNameRange     '1.2.1',
179 silly addNameRange     '1.2.2',
179 silly addNameRange     '1.2.3',
179 silly addNameRange     '1.2.4',
179 silly addNameRange     '1.3.0',
179 silly addNameRange     '1.3.1',
179 silly addNameRange     '1.3.2',
179 silly addNameRange     '1.3.3',
179 silly addNameRange     '2.0.0-alpha.1',
179 silly addNameRange     '2.0.0',
179 silly addNameRange     '2.0.2',
179 silly addNameRange     '2.0.3',
179 silly addNameRange     '2.0.4',
179 silly addNameRange     '2.1.0-beta',
179 silly addNameRange     '2.1.0' ] ]
180 verbose addNamed gulp-sass@1.3.3
181 silly addNamed semver.valid 1.3.3
182 silly addNamed semver.validRange 1.3.3
183 silly addNameRange number 2 { name: 'gulp-minify-css',
183 silly addNameRange   range: '>=0.3.0 <0.4.0',
183 silly addNameRange   hasData: true }
184 silly addNameRange versions [ 'gulp-minify-css',
184 silly addNameRange   [ '0.0.1',
184 silly addNameRange     '0.1.0',
184 silly addNameRange     '0.2.0',
184 silly addNameRange     '0.3.0',
184 silly addNameRange     '0.3.1',
184 silly addNameRange     '0.3.2',
184 silly addNameRange     '0.3.3',
184 silly addNameRange     '0.3.4',
184 silly addNameRange     '0.3.5',
184 silly addNameRange     '0.3.6',
184 silly addNameRange     '0.3.7',
184 silly addNameRange     '0.3.8',
184 silly addNameRange     '0.3.9',
184 silly addNameRange     '0.3.10',
184 silly addNameRange     '0.3.11',
184 silly addNameRange     '0.3.12',
184 silly addNameRange     '0.3.13',
184 silly addNameRange     '0.4.0',
184 silly addNameRange     '0.4.1',
184 silly addNameRange     '0.4.2',
184 silly addNameRange     '0.4.3',
184 silly addNameRange     '0.4.4',
184 silly addNameRange     '0.4.5',
184 silly addNameRange     '0.4.6',
184 silly addNameRange     '0.5.0',
184 silly addNameRange     '0.5.1',
184 silly addNameRange     '1.0.0',
184 silly addNameRange     '1.1.0',
184 silly addNameRange     '1.1.1',
184 silly addNameRange     '1.1.2',
184 silly addNameRange     '1.1.2-1',
184 silly addNameRange     '1.1.3',
184 silly addNameRange     '1.1.4',
184 silly addNameRange     '1.1.5',
184 silly addNameRange     '1.1.6',
184 silly addNameRange     '1.2.0',
184 silly addNameRange     '1.2.1',
184 silly addNameRange     '1.2.2' ] ]
185 verbose addNamed gulp-minify-css@0.3.13
186 silly addNamed semver.valid 0.3.13
187 silly addNamed semver.validRange 0.3.13
188 silly mapToRegistry name gulp-sass
189 silly mapToRegistry using default registry
190 silly mapToRegistry registry https://registry.npmjs.org/
191 silly mapToRegistry uri https://registry.npmjs.org/gulp-sass
192 verbose addRemoteTarball https://registry.npmjs.org/gulp-sass/-/gulp-sass-1.3.3.tgz not in flight; adding
193 verbose addRemoteTarball [ 'https://registry.npmjs.org/gulp-sass/-/gulp-sass-1.3.3.tgz',
193 verbose addRemoteTarball   '66da87646bbfd299988c8ebbe94cefaff50e5662' ]
194 silly mapToRegistry name gulp-minify-css
195 silly mapToRegistry using default registry
196 silly mapToRegistry registry https://registry.npmjs.org/
197 silly mapToRegistry uri https://registry.npmjs.org/gulp-minify-css
198 verbose addRemoteTarball https://registry.npmjs.org/gulp-minify-css/-/gulp-minify-css-0.3.13.tgz not in flight; adding
199 verbose addRemoteTarball [ 'https://registry.npmjs.org/gulp-minify-css/-/gulp-minify-css-0.3.13.tgz',
199 verbose addRemoteTarball   'ba813c665422868305383ccd185f239c1e35209b' ]
200 info retry fetch attempt 1 at 10:31:24 PM
201 info attempt registry request try #1 at 10:31:24 PM
202 http fetch GET https://registry.npmjs.org/gulp-sass/-/gulp-sass-1.3.3.tgz
203 info retry fetch attempt 1 at 10:31:24 PM
204 info attempt registry request try #1 at 10:31:24 PM
205 http fetch GET https://registry.npmjs.org/gulp-minify-css/-/gulp-minify-css-0.3.13.tgz
206 http fetch 200 https://registry.npmjs.org/gulp-rename/-/gulp-rename-1.2.2.tgz
207 http 200 https://registry.npmjs.org/gulp-util
208 silly get cb [ 200,
208 silly get   { server: 'CouchDB/1.5.0 (Erlang OTP/R16B03)',
208 silly get     etag: '"3MJTTB0WLWVTNH5D94FGDHJ0Y"',
208 silly get     'content-type': 'application/json',
208 silly get     'cache-control': 'max-age=60',
208 silly get     'content-length': '61475',
208 silly get     'accept-ranges': 'bytes',
208 silly get     date: 'Sun, 06 Dec 2015 19:31:24 GMT',
208 silly get     via: '1.1 varnish',
208 silly get     age: '34',
208 silly get     connection: 'keep-alive',
208 silly get     'x-served-by': 'cache-lcy1121-LCY',
208 silly get     'x-cache': 'HIT',
208 silly get     'x-cache-hits': '1',
208 silly get     'x-timer': 'S1449430284.433125,VS0,VE0',
208 silly get     vary: 'Accept' } ]
209 verbose get saving gulp-util to /Users/samir/.npm/registry.npmjs.org/gulp-util/.cache.json
210 silly fetchAndShaCheck shasum 3ad4428763f05e2764dec1c67d868db275687817
211 silly addNameRange number 2 { name: 'gulp-util', range: '>=2.2.14 <3.0.0', hasData: true }
212 silly addNameRange versions [ 'gulp-util',
212 silly addNameRange   [ '0.0.1',
212 silly addNameRange     '1.0.0',
212 silly addNameRange     '1.1.0',
212 silly addNameRange     '1.1.1',
212 silly addNameRange     '1.2.0',
212 silly addNameRange     '1.3.0',
212 silly addNameRange     '2.0.0',
212 silly addNameRange     '2.1.1',
212 silly addNameRange     '2.1.2',
212 silly addNameRange     '2.1.3',
212 silly addNameRange     '2.1.4',
212 silly addNameRange     '2.2.0',
212 silly addNameRange     '2.2.1',
212 silly addNameRange     '2.2.2',
212 silly addNameRange     '2.2.3',
212 silly addNameRange     '2.2.5',
212 silly addNameRange     '2.2.6',
212 silly addNameRange     '2.2.7',
212 silly addNameRange     '2.2.8',
212 silly addNameRange     '2.2.9',
212 silly addNameRange     '2.2.10',
212 silly addNameRange     '2.2.11',
212 silly addNameRange     '2.2.12',
212 silly addNameRange     '2.2.13',
212 silly addNameRange     '2.2.14',
212 silly addNameRange     '2.2.15',
212 silly addNameRange     '2.2.16',
212 silly addNameRange     '2.2.17',
212 silly addNameRange     '2.2.18',
212 silly addNameRange     '2.2.19',
212 silly addNameRange     '2.2.20',
212 silly addNameRange     '3.0.0',
212 silly addNameRange     '3.0.1',
212 silly addNameRange     '3.0.2',
212 silly addNameRange     '3.0.3',
212 silly addNameRange     '3.0.4',
212 silly addNameRange     '3.0.5',
212 silly addNameRange     '3.0.6',
212 silly addNameRange     '3.0.7' ] ]
213 verbose addNamed gulp-util@2.2.20
214 silly addNamed semver.valid 2.2.20
215 silly addNamed semver.validRange 2.2.20
216 silly mapToRegistry name gulp-util
217 silly mapToRegistry using default registry
218 silly mapToRegistry registry https://registry.npmjs.org/
219 silly mapToRegistry uri https://registry.npmjs.org/gulp-util
220 verbose addRemoteTarball https://registry.npmjs.org/gulp-util/-/gulp-util-2.2.20.tgz not in flight; adding
221 verbose addRemoteTarball [ 'https://registry.npmjs.org/gulp-util/-/gulp-util-2.2.20.tgz',
221 verbose addRemoteTarball   'd7146e5728910bd8f047a6b0b1e549bc22dbd64c' ]
222 verbose addTmpTarball /var/folders/_9/zlxzlg1s7t9f9srpw3lx5hnh0000gn/T/npm-2971-f0a46d42/registry.npmjs.org/gulp-rename/-/gulp-rename-1.2.2.tgz not in flight; adding
223 verbose addTmpTarball already have metadata; skipping unpack for gulp-rename@1.2.2
224 http 200 https://registry.npmjs.org/shelljs
225 silly get cb [ 200,
225 silly get   { server: 'CouchDB/1.5.0 (Erlang OTP/R16B03)',
225 silly get     etag: '"KMAE0PIRANKX3BFCT2LQ70EY"',
225 silly get     'content-type': 'application/json',
225 silly get     'cache-control': 'max-age=60',
225 silly get     'content-length': '53748',
225 silly get     'accept-ranges': 'bytes',
225 silly get     date: 'Sun, 06 Dec 2015 19:31:24 GMT',
225 silly get     via: '1.1 varnish',
225 silly get     age: '16',
225 silly get     connection: 'keep-alive',
225 silly get     'x-served-by': 'cache-lcy1128-LCY',
225 silly get     'x-cache': 'HIT',
225 silly get     'x-cache-hits': '1',
225 silly get     'x-timer': 'S1449430284.438362,VS0,VE0',
225 silly get     vary: 'Accept' } ]
226 verbose get saving shelljs to /Users/samir/.npm/registry.npmjs.org/shelljs/.cache.json
227 info retry fetch attempt 1 at 10:31:24 PM
228 info attempt registry request try #1 at 10:31:24 PM
229 http fetch GET https://registry.npmjs.org/gulp-util/-/gulp-util-2.2.20.tgz
230 silly addNameRange number 2 { name: 'shelljs', range: '>=0.3.0 <0.4.0', hasData: true }
231 silly addNameRange versions [ 'shelljs',
231 silly addNameRange   [ '0.0.1',
231 silly addNameRange     '0.0.2',
231 silly addNameRange     '0.0.3',
231 silly addNameRange     '0.0.4',
231 silly addNameRange     '0.0.5',
231 silly addNameRange     '0.0.6',
231 silly addNameRange     '0.0.7',
231 silly addNameRange     '0.0.8',
231 silly addNameRange     '0.0.9',
231 silly addNameRange     '0.1.0',
231 silly addNameRange     '0.1.1',
231 silly addNameRange     '0.1.2',
231 silly addNameRange     '0.1.3',
231 silly addNameRange     '0.1.4',
231 silly addNameRange     '0.2.0',
231 silly addNameRange     '0.2.1',
231 silly addNameRange     '0.2.2',
231 silly addNameRange     '0.2.3',
231 silly addNameRange     '0.2.4',
231 silly addNameRange     '0.2.5',
231 silly addNameRange     '0.2.6',
231 silly addNameRange     '0.3.0',
231 silly addNameRange     '0.4.0',
231 silly addNameRange     '0.5.0',
231 silly addNameRange     '0.5.1',
231 silly addNameRange     '0.5.2',
231 silly addNameRange     '0.5.3',
231 silly addNameRange     '0.0.1-alpha1',
231 silly addNameRange     '0.0.2-pre1',
231 silly addNameRange     '0.0.4-pre1',
231 silly addNameRange     '0.0.5-pre1',
231 silly addNameRange     '0.0.5-pre2',
231 silly addNameRange     '0.0.5-pre3',
231 silly addNameRange     '0.0.5-pre4',
231 silly addNameRange     '0.0.6-pre1',
231 silly addNameRange     '0.0.6-pre2' ] ]
232 verbose addNamed shelljs@0.3.0
233 silly addNamed semver.valid 0.3.0
234 silly addNamed semver.validRange 0.3.0
235 silly cache afterAdd gulp-rename@1.2.2
236 verbose afterAdd /Users/samir/.npm/gulp-rename/1.2.2/package/package.json not in flight; writing
237 silly cache afterAdd shelljs@0.3.0
238 verbose afterAdd /Users/samir/.npm/shelljs/0.3.0/package/package.json not in flight; writing
239 verbose afterAdd /Users/samir/.npm/gulp-rename/1.2.2/package/package.json written
240 verbose afterAdd /Users/samir/.npm/shelljs/0.3.0/package/package.json written
241 http fetch 200 https://registry.npmjs.org/gulp-concat/-/gulp-concat-2.6.0.tgz
242 silly fetchAndShaCheck shasum 585cfb115411f348773131140566b6a81c69cb91
243 verbose addTmpTarball /var/folders/_9/zlxzlg1s7t9f9srpw3lx5hnh0000gn/T/npm-2971-f0a46d42/registry.npmjs.org/gulp-concat/-/gulp-concat-2.6.0.tgz not in flight; adding
244 verbose addTmpTarball already have metadata; skipping unpack for gulp-concat@2.6.0
245 silly cache afterAdd gulp-concat@2.6.0
246 verbose afterAdd /Users/samir/.npm/gulp-concat/2.6.0/package/package.json not in flight; writing
247 verbose afterAdd /Users/samir/.npm/gulp-concat/2.6.0/package/package.json written
248 http 200 https://registry.npmjs.org/bower
249 silly get cb [ 200,
249 silly get   { server: 'CouchDB/1.5.0 (Erlang OTP/R16B03)',
249 silly get     etag: '"50W1EQQSTC9O0GPC8UADQTR0O"',
249 silly get     'content-type': 'application/json',
249 silly get     'cache-control': 'max-age=60',
249 silly get     'content-length': '155014',
249 silly get     'accept-ranges': 'bytes',
249 silly get     date: 'Sun, 06 Dec 2015 19:31:24 GMT',
249 silly get     via: '1.1 varnish',
249 silly get     age: '0',
249 silly get     connection: 'keep-alive',
249 silly get     'x-served-by': 'cache-lcy1126-LCY',
249 silly get     'x-cache': 'HIT',
249 silly get     'x-cache-hits': '1',
249 silly get     'x-timer': 'S1449430284.449021,VS0,VE378',
249 silly get     vary: 'Accept' } ]
250 verbose get saving bower to /Users/samir/.npm/registry.npmjs.org/bower/.cache.json
251 silly addNameRange number 2 { name: 'bower', range: '>=1.3.3 <2.0.0', hasData: true }
252 silly addNameRange versions [ 'bower',
252 silly addNameRange   [ '0.1.0',
252 silly addNameRange     '0.1.2',
252 silly addNameRange     '0.1.3',
252 silly addNameRange     '0.2.0',
252 silly addNameRange     '0.3.0',
252 silly addNameRange     '0.3.1',
252 silly addNameRange     '0.3.2',
252 silly addNameRange     '0.4.0',
252 silly addNameRange     '0.5.0',
252 silly addNameRange     '0.5.1',
252 silly addNameRange     '0.6.0',
252 silly addNameRange     '0.6.1',
252 silly addNameRange     '0.6.2',
252 silly addNameRange     '0.6.3',
252 silly addNameRange     '0.6.4',
252 silly addNameRange     '0.6.5',
252 silly addNameRange     '0.6.6',
252 silly addNameRange     '0.6.7',
252 silly addNameRange     '0.6.8',
252 silly addNameRange     '0.7.0',
252 silly addNameRange     '0.7.1',
252 silly addNameRange     '0.8.0',
252 silly addNameRange     '0.8.1',
252 silly addNameRange     '0.8.2',
252 silly addNameRange     '0.8.3',
252 silly addNameRange     '0.8.4',
252 silly addNameRange     '0.8.5',
252 silly addNameRange     '0.8.6',
252 silly addNameRange     '0.9.0',
252 silly addNameRange     '0.9.1',
252 silly addNameRange     '0.9.2',
252 silly addNameRange     '0.10.0',
252 silly addNameRange     '1.0.0',
252 silly addNameRange     '1.0.1',
252 silly addNameRange     '1.0.2',
252 silly addNameRange     '1.0.3',
252 silly addNameRange     '1.1.0',
252 silly addNameRange     '1.1.1',
252 silly addNameRange     '1.1.2',
252 silly addNameRange     '1.2.0',
252 silly addNameRange     '1.2.1',
252 silly addNameRange     '1.2.2',
252 silly addNameRange     '1.2.3',
252 silly addNameRange     '1.2.4',
252 silly addNameRange     '1.2.5',
252 silly addNameRange     '1.2.6',
252 silly addNameRange     '1.2.7',
252 silly addNameRange     '1.2.8',
252 silly addNameRange     '1.3.0',
252 silly addNameRange     '1.3.1',
252 silly addNameRange     '1.3.2',
252 silly addNameRange     '1.3.3',
252 silly addNameRange     '1.3.4',
252 silly addNameRange     '1.3.5',
252 silly addNameRange     '1.3.6',
252 silly addNameRange     '1.3.7',
252 silly addNameRange     '1.3.8',
252 silly addNameRange     '1.3.9',
252 silly addNameRange     '1.3.10',
252 silly addNameRange     '1.3.11',
252 silly addNameRange     '1.3.12',
252 silly addNameRange     '1.4.0',
252 silly addNameRange     '1.4.1',
252 silly addNameRange     '1.5.0',
252 silly addNameRange     '1.5.1',
252 silly addNameRange     '1.5.2',
252 silly addNameRange     '1.5.3',
252 silly addNameRange     '1.6.2',
252 silly addNameRange     '1.6.3',
252 silly addNameRange     '1.6.4',
252 silly addNameRange     '1.6.5',
252 silly addNameRange     '1.5.4',
252 silly addNameRange     '1.4.2',
252 silly addNameRange     '1.6.6',
252 silly addNameRange     '1.6.7',
252 silly addNameRange     '1.6.8',
252 silly addNameRange     '1.6.9' ] ]
253 verbose addNamed bower@1.6.9
254 silly addNamed semver.valid 1.6.9
255 silly addNamed semver.validRange 1.6.9
256 silly mapToRegistry name bower
257 silly mapToRegistry using default registry
258 silly mapToRegistry registry https://registry.npmjs.org/
259 silly mapToRegistry uri https://registry.npmjs.org/bower
260 verbose addRemoteTarball https://registry.npmjs.org/bower/-/bower-1.6.9.tgz not in flight; adding
261 verbose addRemoteTarball [ 'https://registry.npmjs.org/bower/-/bower-1.6.9.tgz',
261 verbose addRemoteTarball   'cdd7c908f88f8e8908a9ac237e34f591d7058b99' ]
262 info retry fetch attempt 1 at 10:31:25 PM
263 info attempt registry request try #1 at 10:31:25 PM
264 http fetch GET https://registry.npmjs.org/bower/-/bower-1.6.9.tgz
265 http fetch 200 https://registry.npmjs.org/gulp-sass/-/gulp-sass-1.3.3.tgz
266 silly fetchAndShaCheck shasum 66da87646bbfd299988c8ebbe94cefaff50e5662
267 verbose addTmpTarball /var/folders/_9/zlxzlg1s7t9f9srpw3lx5hnh0000gn/T/npm-2971-f0a46d42/registry.npmjs.org/gulp-sass/-/gulp-sass-1.3.3.tgz not in flight; adding
268 verbose addTmpTarball already have metadata; skipping unpack for gulp-sass@1.3.3
269 http fetch 200 https://registry.npmjs.org/gulp-minify-css/-/gulp-minify-css-0.3.13.tgz
270 silly fetchAndShaCheck shasum ba813c665422868305383ccd185f239c1e35209b
271 silly cache afterAdd gulp-sass@1.3.3
272 verbose afterAdd /Users/samir/.npm/gulp-sass/1.3.3/package/package.json not in flight; writing
273 verbose addTmpTarball /var/folders/_9/zlxzlg1s7t9f9srpw3lx5hnh0000gn/T/npm-2971-f0a46d42/registry.npmjs.org/gulp-minify-css/-/gulp-minify-css-0.3.13.tgz not in flight; adding
274 verbose addTmpTarball already have metadata; skipping unpack for gulp-minify-css@0.3.13
275 verbose afterAdd /Users/samir/.npm/gulp-sass/1.3.3/package/package.json written
276 silly cache afterAdd gulp-minify-css@0.3.13
277 verbose afterAdd /Users/samir/.npm/gulp-minify-css/0.3.13/package/package.json not in flight; writing
278 verbose afterAdd /Users/samir/.npm/gulp-minify-css/0.3.13/package/package.json written
279 http fetch 200 https://registry.npmjs.org/gulp-util/-/gulp-util-2.2.20.tgz
280 silly fetchAndShaCheck shasum d7146e5728910bd8f047a6b0b1e549bc22dbd64c
281 verbose addTmpTarball /var/folders/_9/zlxzlg1s7t9f9srpw3lx5hnh0000gn/T/npm-2971-f0a46d42/registry.npmjs.org/gulp-util/-/gulp-util-2.2.20.tgz not in flight; adding
282 verbose addTmpTarball already have metadata; skipping unpack for gulp-util@2.2.20
283 silly cache afterAdd gulp-util@2.2.20
284 verbose afterAdd /Users/samir/.npm/gulp-util/2.2.20/package/package.json not in flight; writing
285 verbose afterAdd /Users/samir/.npm/gulp-util/2.2.20/package/package.json written
286 http 200 https://registry.npmjs.org/gulp
287 silly get cb [ 200,
287 silly get   { server: 'CouchDB/1.5.0 (Erlang OTP/R16B03)',
287 silly get     etag: '"8STJ5UA3B7WCKOSGF579AUIRG"',
287 silly get     'content-type': 'application/json',
287 silly get     'cache-control': 'max-age=60',
287 silly get     'content-length': '108410',
287 silly get     'accept-ranges': 'bytes',
287 silly get     date: 'Sun, 06 Dec 2015 19:31:24 GMT',
287 silly get     via: '1.1 varnish',
287 silly get     age: '29',
287 silly get     connection: 'keep-alive',
287 silly get     'x-served-by': 'cache-lcy1133-LCY',
287 silly get     'x-cache': 'HIT',
287 silly get     'x-cache-hits': '1',
287 silly get     'x-timer': 'S1449430284.441340,VS0,VE0',
287 silly get     vary: 'Accept' } ]
288 verbose get saving gulp to /Users/samir/.npm/registry.npmjs.org/gulp/.cache.json
289 http fetch 200 https://registry.npmjs.org/bower/-/bower-1.6.9.tgz
290 silly addNameRange number 2 { name: 'gulp', range: '>=3.5.6 <4.0.0', hasData: true }
291 silly addNameRange versions [ 'gulp',
291 silly addNameRange   [ '0.0.1',
291 silly addNameRange     '0.0.2',
291 silly addNameRange     '0.0.3',
291 silly addNameRange     '0.0.4',
291 silly addNameRange     '0.0.5',
291 silly addNameRange     '0.0.7',
291 silly addNameRange     '0.0.8',
291 silly addNameRange     '0.0.9',
291 silly addNameRange     '0.1.0',
291 silly addNameRange     '0.2.0',
291 silly addNameRange     '1.0.0',
291 silly addNameRange     '1.1.0',
291 silly addNameRange     '1.2.0',
291 silly addNameRange     '1.2.1',
291 silly addNameRange     '2.0.0',
291 silly addNameRange     '2.0.1',
291 silly addNameRange     '2.1.0',
291 silly addNameRange     '2.2.0',
291 silly addNameRange     '2.3.0',
291 silly addNameRange     '2.4.0',
291 silly addNameRange     '2.4.1',
291 silly addNameRange     '2.6.0',
291 silly addNameRange     '2.6.1',
291 silly addNameRange     '2.7.0',
291 silly addNameRange     '3.0.0',
291 silly addNameRange     '3.1.1',
291 silly addNameRange     '3.1.2',
291 silly addNameRange     '3.1.3',
291 silly addNameRange     '3.1.4',
291 silly addNameRange     '3.2.0',
291 silly addNameRange     '3.2.1',
291 silly addNameRange     '3.2.2',
291 silly addNameRange     '3.2.3',
291 silly addNameRange     '3.2.4',
291 silly addNameRange     '3.2.5',
291 silly addNameRange     '3.3.0',
291 silly addNameRange     '3.3.1',
291 silly addNameRange     '3.3.2',
291 silly addNameRange     '3.3.4',
291 silly addNameRange     '3.4.0',
291 silly addNameRange     '3.5.0',
291 silly addNameRange     '3.5.1',
291 silly addNameRange     '3.5.2',
291 silly addNameRange     '3.5.5',
291 silly addNameRange     '3.5.6',
291 silly addNameRange     '3.6.0',
291 silly addNameRange     '3.6.1',
291 silly addNameRange     '3.6.2',
291 silly addNameRange     '3.7.0',
291 silly addNameRange     '3.8.0',
291 silly addNameRange     '3.8.1',
291 silly addNameRange     '3.8.2',
291 silly addNameRange     '3.8.3',
291 silly addNameRange     '3.8.4',
291 silly addNameRange     '3.8.5',
291 silly addNameRange     '3.8.6',
291 silly addNameRange     '3.8.7',
291 silly addNameRange     '3.8.8',
291 silly addNameRange     '3.8.9',
291 silly addNameRange     '3.8.10',
291 silly addNameRange     '3.8.11',
291 silly addNameRange     '3.9.0' ] ]
292 verbose addNamed gulp@3.9.0
293 silly addNamed semver.valid 3.9.0
294 silly addNamed semver.validRange 3.9.0
295 silly mapToRegistry name gulp
296 silly mapToRegistry using default registry
297 silly mapToRegistry registry https://registry.npmjs.org/
298 silly mapToRegistry uri https://registry.npmjs.org/gulp
299 verbose addRemoteTarball https://registry.npmjs.org/gulp/-/gulp-3.9.0.tgz not in flight; adding
300 verbose addRemoteTarball [ 'https://registry.npmjs.org/gulp/-/gulp-3.9.0.tgz',
300 verbose addRemoteTarball   'cf1fba4cb558bb8c6ae6c9613f583ae2620d214a' ]
301 info retry fetch attempt 1 at 10:31:25 PM
302 info attempt registry request try #1 at 10:31:25 PM
303 http fetch GET https://registry.npmjs.org/gulp/-/gulp-3.9.0.tgz
304 http fetch 200 https://registry.npmjs.org/gulp/-/gulp-3.9.0.tgz
305 silly fetchAndShaCheck shasum cf1fba4cb558bb8c6ae6c9613f583ae2620d214a
306 verbose addTmpTarball /var/folders/_9/zlxzlg1s7t9f9srpw3lx5hnh0000gn/T/npm-2971-f0a46d42/registry.npmjs.org/gulp/-/gulp-3.9.0.tgz not in flight; adding
307 verbose addTmpTarball already have metadata; skipping unpack for gulp@3.9.0
308 silly cache afterAdd gulp@3.9.0
309 verbose afterAdd /Users/samir/.npm/gulp/3.9.0/package/package.json not in flight; writing
310 verbose afterAdd /Users/samir/.npm/gulp/3.9.0/package/package.json written
311 silly fetchAndShaCheck shasum cdd7c908f88f8e8908a9ac237e34f591d7058b99
312 verbose addTmpTarball /var/folders/_9/zlxzlg1s7t9f9srpw3lx5hnh0000gn/T/npm-2971-f0a46d42/registry.npmjs.org/bower/-/bower-1.6.9.tgz not in flight; adding
313 verbose addTmpTarball already have metadata; skipping unpack for bower@1.6.9
314 silly cache afterAdd bower@1.6.9
315 verbose afterAdd /Users/samir/.npm/bower/1.6.9/package/package.json not in flight; writing
316 verbose afterAdd /Users/samir/.npm/bower/1.6.9/package/package.json written
317 silly install resolved [ { name: 'gulp-rename',
317 silly install resolved     version: '1.2.2',
317 silly install resolved     description: 'Rename files',
317 silly install resolved     keywords: [ 'gulpplugin' ],
317 silly install resolved     homepage: 'https://github.com/hparra/gulp-rename',
317 silly install resolved     bugs: { url: 'https://github.com/hparra/gulp-rename/issues' },
317 silly install resolved     author:
317 silly install resolved      { name: 'Hector Guillermo Parra Alvarez',
317 silly install resolved        email: 'hector@hectorparra.com',
317 silly install resolved        url: 'https://github.com/hparra' },
317 silly install resolved     main: './index.js',
317 silly install resolved     files: [ 'index.js' ],
317 silly install resolved     repository: { type: 'git', url: 'git://github.com/hparra/gulp-rename.git' },
317 silly install resolved     scripts: { pretest: 'jshint index.js test/', test: 'mocha' },
317 silly install resolved     devDependencies:
317 silly install resolved      { gulp: '>=3.0.0',
317 silly install resolved        'gulp-sourcemaps': '^1.5.0',
317 silly install resolved        'gulp-util': '^3.0.4',
317 silly install resolved        jshint: '^2.6.3',
317 silly install resolved        'map-stream': '>=0.0.4',
317 silly install resolved        mocha: '>=1.15.0',
317 silly install resolved        should: '>=2.1.0' },
317 silly install resolved     engines: { node: '>=0.10.0', npm: '>=1.2.10' },
317 silly install resolved     licenses: [ [Object] ],
317 silly install resolved     gitHead: 'e1fb4e41dd107b38e96f1156fcbee70ebcf16fb6',
317 silly install resolved     _id: 'gulp-rename@1.2.2',
317 silly install resolved     _shasum: '3ad4428763f05e2764dec1c67d868db275687817',
317 silly install resolved     _from: 'gulp-rename@>=1.2.0 <2.0.0',
317 silly install resolved     _npmVersion: '1.4.28',
317 silly install resolved     _npmUser: { name: 'fractal', email: 'contact@wearefractal.com' },
317 silly install resolved     maintainers: [ [Object], [Object], [Object], [Object] ],
317 silly install resolved     dist:
317 silly install resolved      { shasum: '3ad4428763f05e2764dec1c67d868db275687817',
317 silly install resolved        tarball: 'http://registry.npmjs.org/gulp-rename/-/gulp-rename-1.2.2.tgz' },
317 silly install resolved     directories: {},
317 silly install resolved     _resolved: 'https://registry.npmjs.org/gulp-rename/-/gulp-rename-1.2.2.tgz' },
317 silly install resolved   { name: 'shelljs',
317 silly install resolved     version: '0.3.0',
317 silly install resolved     author: { name: 'Artur Adib', email: 'aadib@mozilla.com' },
317 silly install resolved     description: 'Portable Unix shell commands for Node.js',
317 silly install resolved     keywords: [ 'unix', 'shell', 'makefile', 'make', 'jake', 'synchronous' ],
317 silly install resolved     repository: { type: 'git', url: 'git://github.com/arturadib/shelljs.git' },
317 silly install resolved     license: 'BSD*',
317 silly install resolved     homepage: 'http://github.com/arturadib/shelljs',
317 silly install resolved     main: './shell.js',
317 silly install resolved     scripts: { test: 'node scripts/run-tests' },
317 silly install resolved     bin: { shjs: './bin/shjs' },
317 silly install resolved     dependencies: {},
317 silly install resolved     devDependencies: { jshint: '~2.1.11' },
317 silly install resolved     optionalDependencies: {},
317 silly install resolved     engines: { node: '>=0.8.0' },
317 silly install resolved     readme: '# ShellJS - Unix shell commands for Node.js [![Build Status](https://secure.travis-ci.org/arturadib/shelljs.png)](http://travis-ci.org/arturadib/shelljs)\n\nShellJS is a portable **(Windows/Linux/OS X)** implementation of Unix shell commands on top of the Node.js API. You can use it to eliminate your shell script\'s dependency on Unix while still keeping its familiar and powerful commands. You can also install it globally so you can run it from outside Node projects - say goodbye to those gnarly Bash scripts!\n\nThe project is [unit-tested](http://travis-ci.org/arturadib/shelljs) and battled-tested in projects like:\n\n+ [PDF.js](http://github.com/mozilla/pdf.js) - Firefox\'s next-gen PDF reader\n+ [Firebug](http://getfirebug.com/) - Firefox\'s infamous debugger\n+ [JSHint](http://jshint.com) - Most popular JavaScript linter\n+ [Zepto](http://zeptojs.com) - jQuery-compatible JavaScript library for modern browsers\n+ [Yeoman](http://yeoman.io/) - Web application stack and development tool\n+ [Deployd.com](http://deployd.com) - Open source PaaS for quick API backend generation\n\nand [many more](https://npmjs.org/browse/depended/shelljs).\n\n## Installing\n\nVia npm:\n\n```bash\n$ npm install [-g] shelljs\n```\n\nIf the global option `-g` is specified, the binary `shjs` will be installed. This makes it possible to\nrun ShellJS scripts much like any shell script from the command line, i.e. without requiring a `node_modules` folder:\n\n```bash\n$ shjs my_script\n```\n\nYou can also just copy `shell.js` into your project\'s directory, and `require()` accordingly.\n\n\n## Examples\n\n### JavaScript\n\n```javascript\nrequire(\'shelljs/global\');\n\nif (!which(\'git\')) {\n  echo(\'Sorry, this script requires git\');\n  exit(1);\n}\n\n// Copy files to release dir\nmkdir(\'-p\', \'out/Release\');\ncp(\'-R\', \'stuff/*\', \'out/Release\');\n\n// Replace macros in each .js file\ncd(\'lib\');\nls(\'*.js\').forEach(function(file) {\n  sed(\'-i\', \'BUILD_VERSION\', \'v0.1.2\', file);\n  sed(\'-i\', /.*REMOVE_THIS_LINE.*\\n/, \'\', file);\n  sed(\'-i\', /.*REPLACE_LINE_WITH_MACRO.*\\n/, cat(\'macro.js\'), file);\n});\ncd(\'..\');\n\n// Run external tool synchronously\nif (exec(\'git commit -am "Auto-commit"\').code !== 0) {\n  echo(\'Error: Git commit failed\');\n  exit(1);\n}\n```\n\n### CoffeeScript\n\n```coffeescript\nrequire \'shelljs/global\'\n\nif not which \'git\'\n  echo \'Sorry, this script requires git\'\n  exit 1\n\n# Copy files to release dir\nmkdir \'-p\', \'out/Release\'\ncp \'-R\', \'stuff/*\', \'out/Release\'\n\n# Replace macros in each .js file\ncd \'lib\'\nfor file in ls \'*.js\'\n  sed \'-i\', \'BUILD_VERSION\', \'v0.1.2\', file\n  sed \'-i\', /.*REMOVE_THIS_LINE.*\\n/, \'\', file\n  sed \'-i\', /.*REPLACE_LINE_WITH_MACRO.*\\n/, cat \'macro.js\', file\ncd \'..\'\n\n# Run external tool synchronously\nif (exec \'git commit -am "Auto-commit"\').code != 0\n  echo \'Error: Git commit failed\'\n  exit 1\n```\n\n## Global vs. Local\n\nThe example above uses the convenience script `shelljs/global` to reduce verbosity. If polluting your global namespace is not desirable, simply require `shelljs`.\n\nExample:\n\n```javascript\nvar shell = require(\'shelljs\');\nshell.echo(\'hello world\');\n```\n\n## Make tool\n\nA convenience script `shelljs/make` is also provided to mimic the behavior of a Unix Makefile. In this case all shell objects are global, and command line arguments will cause the script to execute only the corresponding function in the global `target` object. To avoid redundant calls, target functions are executed only once per script.\n\nExample (CoffeeScript):\n\n```coffeescript\nrequire \'shelljs/make\'\n\ntarget.all = ->\n  target.bundle()\n  target.docs()\n\ntarget.bundle = ->\n  cd __dirname\n  mkdir \'build\'\n  cd \'lib\'\n  (cat \'*.js\').to \'../build/output.js\'\n\ntarget.docs = ->\n  cd __dirname\n  mkdir \'docs\'\n  cd \'lib\'\n  for file in ls \'*.js\'\n    text = grep \'//@\', file     # extract special comments\n    text.replace \'//@\', \'\'      # remove comment tags\n    text.to \'docs/my_docs.md\'\n```\n\nTo run the target `all`, call the above script without arguments: `$ node make`. To run the target `docs`: `$ node make docs`, and so on.\n\n\n\n<!-- \n\n  DO NOT MODIFY BEYOND THIS POINT - IT\'S AUTOMATICALLY GENERATED\n\n-->\n\n\n## Command reference\n\n\nAll commands run synchronously, unless otherwise stated.\n\n\n### cd(\'dir\')\nChanges to directory `dir` for the duration of the script\n\n\n### pwd()\nReturns the current directory.\n\n\n### ls([options ,] path [,path ...])\n### ls([options ,] path_array)\nAvailable options:\n\n+ `-R`: recursive\n+ `-A`: all files (include files beginning with `.`, except for `.` and `..`)\n\nExamples:\n\n```javascript\nls(\'projs/*.js\');\nls(\'-R\', \'/users/me\', \'/tmp\');\nls(\'-R\', [\'/users/me\', \'/tmp\']); // same as above\n```\n\nReturns array of files in the given path, or in current directory if no path provided.\n\n\n### find(path [,path ...])\n### find(path_array)\nExamples:\n\n```javascript\nfind(\'src\', \'lib\');\nfind([\'src\', \'lib\']); // same as above\nfind(\'.\').filter(function(file) { return file.match(/\\.js$/); });\n```\n\nReturns array of all files (however deep) in the given paths.\n\nThe main difference from `ls(\'-R\', path)` is that the resulting file names\ninclude the base directories, e.g. `lib/resources/file1` instead of just `file1`.\n\n\n### cp([options ,] source [,source ...], dest)\n### cp([options ,] source_array, dest)\nAvailable options:\n\n+ `-f`: force\n+ `-r, -R`: recursive\n\nExamples:\n\n```javascript\ncp(\'file1\', \'dir1\');\ncp(\'-Rf\', \'/tmp/*\', \'/usr/local/*\', \'/home/tmp\');\ncp(\'-Rf\', [\'/tmp/*\', \'/usr/local/*\'], \'/home/tmp\'); // same as above\n```\n\nCopies files. The wildcard `*` is accepted.\n\n\n### rm([options ,] file [, file ...])\n### rm([options ,] file_array)\nAvailable options:\n\n+ `-f`: force\n+ `-r, -R`: recursive\n\nExamples:\n\n```javascript\nrm(\'-rf\', \'/tmp/*\');\nrm(\'some_file.txt\', \'another_file.txt\');\nrm([\'some_file.txt\', \'another_file.txt\']); // same as above\n```\n\nRemoves files. The wildcard `*` is accepted.\n\n\n### mv(source [, source ...], dest\')\n### mv(source_array, dest\')\nAvailable options:\n\n+ `f`: force\n\nExamples:\n\n```javascript\nmv(\'-f\', \'file\', \'dir/\');\nmv(\'file1\', \'file2\', \'dir/\');\nmv([\'file1\', \'file2\'], \'dir/\'); // same as above\n```\n\nMoves files. The wildcard `*` is accepted.\n\n\n### mkdir([options ,] dir [, dir ...])\n### mkdir([options ,] dir_array)\nAvailable options:\n\n+ `p`: full path (will create intermediate dirs if necessary)\n\nExamples:\n\n```javascript\nmkdir(\'-p\', \'/tmp/a/b/c/d\', \'/tmp/e/f/g\');\nmkdir(\'-p\', [\'/tmp/a/b/c/d\', \'/tmp/e/f/g\']); // same as above\n```\n\nCreates directories.\n\n\n### test(expression)\nAvailable expression primaries:\n\n+ `\'-b\', \'path\'`: true if path is a block device\n+ `\'-c\', \'path\'`: true if path is a character device\n+ `\'-d\', \'path\'`: true if path is a directory\n+ `\'-e\', \'path\'`: true if path exists\n+ `\'-f\', \'path\'`: true if path is a regular file\n+ `\'-L\', \'path\'`: true if path is a symboilc link\n+ `\'-p\', \'path\'`: true if path is a pipe (FIFO)\n+ `\'-S\', \'path\'`: true if path is a socket\n\nExamples:\n\n```javascript\nif (test(\'-d\', path)) { /* do something with dir */ };\nif (!test(\'-f\', path)) continue; // skip if it\'s a regular file\n```\n\nEvaluates expression using the available primaries and returns corresponding value.\n\n\n### cat(file [, file ...])\n### cat(file_array)\n\nExamples:\n\n```javascript\nvar str = cat(\'file*.txt\');\nvar str = cat(\'file1\', \'file2\');\nvar str = cat([\'file1\', \'file2\']); // same as above\n```\n\nReturns a string containing the given file, or a concatenated string\ncontaining the files if more than one file is given (a new line character is\nintroduced between each file). Wildcard `*` accepted.\n\n\n### \'string\'.to(file)\n\nExamples:\n\n```javascript\ncat(\'input.txt\').to(\'output.txt\');\n```\n\nAnalogous to the redirection operator `>` in Unix, but works with JavaScript strings (such as\nthose returned by `cat`, `grep`, etc). _Like Unix redirections, `to()` will overwrite any existing file!_\n\n\n### \'string\'.toEnd(file)\n\nExamples:\n\n```javascript\ncat(\'input.txt\').toEnd(\'output.txt\');\n```\n\nAnalogous to the redirect-and-append operator `>>` in Unix, but works with JavaScript strings (such as\nthose returned by `cat`, `grep`, etc).\n\n\n### sed([options ,] search_regex, replacement, file)\nAvailable options:\n\n+ `-i`: Replace contents of \'file\' in-place. _Note that no backups will be created!_\n\nExamples:\n\n```javascript\nsed(\'-i\', \'PROGRAM_VERSION\', \'v0.1.3\', \'source.js\');\nsed(/.*DELETE_THIS_LINE.*\\n/, \'\', \'source.js\');\n```\n\nReads an input string from `file` and performs a JavaScript `replace()` on the input\nusing the given search regex and replacement string or function. Returns the new string after replacement.\n\n\n### grep([options ,] regex_filter, file [, file ...])\n### grep([options ,] regex_filter, file_array)\nAvailable options:\n\n+ `-v`: Inverse the sense of the regex and print the lines not matching the criteria.\n\nExamples:\n\n```javascript\ngrep(\'-v\', \'GLOBAL_VARIABLE\', \'*.js\');\ngrep(\'GLOBAL_VARIABLE\', \'*.js\');\n```\n\nReads input string from given files and returns a string containing all lines of the\nfile that match the given `regex_filter`. Wildcard `*` accepted.\n\n\n### which(command)\n\nExamples:\n\n```javascript\nvar nodeExec = which(\'node\');\n```\n\nSearches for `command` in the system\'s PATH. On Windows looks for `.exe`, `.cmd`, and `.bat` extensions.\nReturns string containing the absolute path to the command.\n\n\n### echo(string [,string ...])\n\nExamples:\n\n```javascript\necho(\'hello world\');\nvar str = echo(\'hello world\');\n```\n\nPrints string to stdout, and returns string with additional utility methods\nlike `.to()`.\n\n\n### pushd([options,] [dir | \'-N\' | \'+N\'])\n\nAvailable options:\n\n+ `-n`: Suppresses the normal change of directory when adding directories to the stack, so that only the stack is manipulated.\n\nArguments:\n\n+ `dir`: Makes the current working directory be the top of the stack, and then executes the equivalent of `cd dir`.\n+ `+N`: Brings the Nth directory (counting from the left of the list printed by dirs, starting with zero) to the top of the list by rotating the stack.\n+ `-N`: Brings the Nth directory (counting from the right of the list printed by dirs, starting with zero) to the top of the list by rotating the stack.\n\nExamples:\n\n```javascript\n// process.cwd() === \'/usr\'\npushd(\'/etc\'); // Returns /etc /usr\npushd(\'+1\');   // Returns /usr /etc\n```\n\nSave the current directory on the top of the directory stack and then cd to `dir`. With no arguments, pushd exchanges the top two directories. Returns an array of paths in the stack.\n\n### popd([options,] [\'-N\' | \'+N\'])\n\nAvailable options:\n\n+ `-n`: Suppresses the normal change of directory when removing directories from the stack, so that only the stack is manipulated.\n\nArguments:\n\n+ `+N`: Removes the Nth directory (counting from the left of the list printed by dirs), starting with zero.\n+ `-N`: Removes the Nth directory (counting from the right of the list printed by dirs), starting with zero.\n\nExamples:\n\n```javascript\necho(process.cwd()); // \'/usr\'\npushd(\'/etc\');       // \'/etc /usr\'\necho(process.cwd()); // \'/etc\'\npopd();              // \'/usr\'\necho(process.cwd()); // \'/usr\'\n```\n\nWhen no arguments are given, popd removes the top directory from the stack and performs a cd to the new top directory. The elements are numbered from 0 starting at the first directory listed with dirs; i.e., popd is equivalent to popd +0. Returns an array of paths in the stack.\n\n### dirs([options | \'+N\' | \'-N\'])\n\nAvailable options:\n\n+ `-c`: Clears the directory stack by deleting all of the elements.\n\nArguments:\n\n+ `+N`: Displays the Nth directory (counting from the left of the list printed by dirs when invoked without options), starting with zero.\n+ `-N`: Displays the Nth directory (counting from the right of the list printed by dirs when invoked without options), starting with zero.\n\nDisplay the list of currently remembered directories. Returns an array of paths in the stack, or a single path if +N or -N was specified.\n\nSee also: pushd, popd\n\n\n### ln(options, source, dest)\n### ln(source, dest)\nAvailable options:\n\n+ `s`: symlink\n+ `f`: force\n\nExamples:\n\n```javascript\nln(\'file\', \'newlink\');\nln(\'-sf\', \'file\', \'existing\');\n```\n\nLinks source to dest. Use -f to force the link, should dest already exist.\n\n\n### exit(code)\nExits the current process with the given exit code.\n\n### env[\'VAR_NAME\']\nObject containing environment variables (both getter and setter). Shortcut to process.env.\n\n### exec(command [, options] [, callback])\nAvailable options (all `false` by default):\n\n+ `async`: Asynchronous execution. Defaults to true if a callback is provided.\n+ `silent`: Do not echo program output to console.\n\nExamples:\n\n```javascript\nvar version = exec(\'node --version\', {silent:true}).output;\n\nvar child = exec(\'some_long_running_process\', {async:true});\nchild.stdout.on(\'data\', function(data) {\n  /* ... do something with data ... */\n});\n\nexec(\'some_long_running_process\', function(code, output) {\n  console.log(\'Exit code:\', code);\n  console.log(\'Program output:\', output);\n});\n```\n\nExecutes the given `command` _synchronously_, unless otherwise specified.\nWhen in synchronous mode returns the object `{ code:..., output:... }`, containing the program\'s\n`output` (stdout + stderr)  and its exit `code`. Otherwise returns the child process object, and\nthe `callback` gets the arguments `(code, output)`.\n\n**Note:** For long-lived processes, it\'s best to run `exec()` asynchronously as\nthe current synchronous implementation uses a lot of CPU. This should be getting\nfixed soon.\n\n\n### chmod(octal_mode || octal_string, file)\n### chmod(symbolic_mode, file)\n\nAvailable options:\n\n+ `-v`: output a diagnostic for every file processed\n+ `-c`: like verbose but report only when a change is made\n+ `-R`: change files and directories recursively\n\nExamples:\n\n```javascript\nchmod(755, \'/Users/brandon\');\nchmod(\'755\', \'/Users/brandon\'); // same as above\nchmod(\'u+x\', \'/Users/brandon\');\n```\n\nAlters the permissions of a file or directory by either specifying the\nabsolute permissions in octal form or expressing the changes in symbols.\nThis command tries to mimic the POSIX behavior as much as possible.\nNotable exceptions:\n\n+ In symbolic modes, \'a-r\' and \'-r\' are identical.  No consideration is\n  given to the umask.\n+ There is no "quiet" option since default behavior is to run silent.\n\n\n## Non-Unix commands\n\n\n### tempdir()\n\nExamples:\n\n```javascript\nvar tmp = tempdir(); // "/tmp" for most *nix platforms\n```\n\nSearches and returns string containing a writeable, platform-dependent temporary directory.\nFollows Python\'s [tempfile algorithm](http://docs.python.org/library/tempfile.html#tempfile.tempdir).\n\n\n### error()\nTests if error occurred in the last command. Returns `null` if no error occurred,\notherwise returns string explaining the error\n\n\n## Configuration\n\n\n### config.silent\nExample:\n\n```javascript\nvar silentState = config.silent; // save old silent state\nconfig.silent = true;\n/* ... */\nconfig.silent = silentState; // restore old silent state\n```\n\nSuppresses all command output if `true`, except for `echo()` calls.\nDefault is `false`.\n\n### config.fatal\nExample:\n\n```javascript\nconfig.fatal = true;\ncp(\'this_file_does_not_exist\', \'/dev/null\'); // dies here\n/* more commands... */\n```\n\nIf `true` the script will die on errors. Default is `false`.\n',
317 silly install resolved     readmeFilename: 'README.md',
317 silly install resolved     bugs: { url: 'https://github.com/arturadib/shelljs/issues' },
317 silly install resolved     _id: 'shelljs@0.3.0',
317 silly install resolved     _shasum: '3596e6307a781544f591f37da618360f31db57b1',
317 silly install resolved     _resolved: 'https://registry.npmjs.org/shelljs/-/shelljs-0.3.0.tgz',
317 silly install resolved     _from: 'shelljs@>=0.3.0 <0.4.0' },
317 silly install resolved   { name: 'gulp-concat',
317 silly install resolved     description: 'Concatenates files',
317 silly install resolved     version: '2.6.0',
317 silly install resolved     repository:
317 silly install resolved      { type: 'git',
317 silly install resolved        url: 'git+https://github.com/wearefractal/gulp-concat.git' },
317 silly install resolved     author:
317 silly install resolved      { name: 'Fractal',
317 silly install resolved        email: 'contact@wearefractal.com',
317 silly install resolved        url: 'http://wearefractal.com/' },
317 silly install resolved     files: [ 'index.js' ],
317 silly install resolved     keywords: [ 'gulpplugin' ],
317 silly install resolved     dependencies:
317 silly install resolved      { 'concat-with-sourcemaps': '^1.0.0',
317 silly install resolved        'gulp-util': '^3.0.1',
317 silly install resolved        through2: '^0.6.3' },
317 silly install resolved     devDependencies:
317 silly install resolved      { gulp: '^3.8.7',
317 silly install resolved        'gulp-sourcemaps': '^1.1.4',
317 silly install resolved        istanbul: '^0.3.2',
317 silly install resolved        mocha: '^2.0.1',
317 silly install resolved        'mocha-lcov-reporter': '0.0.1',
317 silly install resolved        should: '^5.0.0',
317 silly install resolved        'stream-array': '^1.0.1',
317 silly install resolved        'stream-assert': '^2.0.1' },
317 silly install resolved     scripts: { test: 'mocha', coverage: 'istanbul cover _mocha' },
317 silly install resolved     engines: { node: '>= 0.10' },
317 silly install resolved     license: 'MIT',
317 silly install resolved     gitHead: '48e757a90687a8c5bca9d2945285ac0689aa7023',
317 silly install resolved     bugs: { url: 'https://github.com/wearefractal/gulp-concat/issues' },
317 silly install resolved     homepage: 'https://github.com/wearefractal/gulp-concat#readme',
317 silly install resolved     _id: 'gulp-concat@2.6.0',
317 silly install resolved     _shasum: '585cfb115411f348773131140566b6a81c69cb91',
317 silly install resolved     _from: 'gulp-concat@>=2.2.0 <3.0.0',
317 silly install resolved     _npmVersion: '2.10.0',
317 silly install resolved     _nodeVersion: '2.0.1',
317 silly install resolved     _npmUser: { name: 'fractal', email: 'contact@wearefractal.com' },
317 silly install resolved     maintainers: [ [Object] ],
317 silly install resolved     dist:
317 silly install resolved      { shasum: '585cfb115411f348773131140566b6a81c69cb91',
317 silly install resolved        tarball: 'http://registry.npmjs.org/gulp-concat/-/gulp-concat-2.6.0.tgz' },
317 silly install resolved     directories: {},
317 silly install resolved     _resolved: 'https://registry.npmjs.org/gulp-concat/-/gulp-concat-2.6.0.tgz' },
317 silly install resolved   { name: 'gulp-sass',
317 silly install resolved     version: '1.3.3',
317 silly install resolved     description: 'Gulp plugin for sass',
317 silly install resolved     main: 'index.js',
317 silly install resolved     scripts: { test: 'node test/test.js' },
317 silly install resolved     repository: { type: 'git', url: 'git://github.com/dlmanning/gulp-sass' },
317 silly install resolved     keywords: [ 'gulpplugin', 'sass', 'gulp' ],
317 silly install resolved     author: { name: 'David Manning' },
317 silly install resolved     license: 'MIT',
317 silly install resolved     bugs: { url: 'https://github.com/dlmanning/gulp-sass/issues' },
317 silly install resolved     dependencies:
317 silly install resolved      { clone: '~0.1.18',
317 silly install resolved        'gulp-util': '^3.0',
317 silly install resolved        'map-stream': '~0.1',
317 silly install resolved        'node-sass': '^2.0.1',
317 silly install resolved        'vinyl-sourcemaps-apply': '~0.1.1' },
317 silly install resolved     devDependencies: { tape: '~2.3', 'concat-stream': '~1.4' },
317 silly install resolved     jshintConfig: { laxcomma: true },
317 silly install resolved     gitHead: '314ce5c1594e541a55e5c5009fb0733c45226567',
317 silly install resolved     homepage: 'https://github.com/dlmanning/gulp-sass',
317 silly install resolved     _id: 'gulp-sass@1.3.3',
317 silly install resolved     _shasum: '66da87646bbfd299988c8ebbe94cefaff50e5662',
317 silly install resolved     _from: 'gulp-sass@>=1.3.3 <2.0.0',
317 silly install resolved     _npmVersion: '2.5.1',
317 silly install resolved     _nodeVersion: '1.2.0',
317 silly install resolved     _npmUser: { name: 'dlmanning', email: 'dlmanning@me.com' },
317 silly install resolved     maintainers: [ [Object] ],
317 silly install resolved     dist:
317 silly install resolved      { shasum: '66da87646bbfd299988c8ebbe94cefaff50e5662',
317 silly install resolved        tarball: 'http://registry.npmjs.org/gulp-sass/-/gulp-sass-1.3.3.tgz' },
317 silly install resolved     directories: {},
317 silly install resolved     _resolved: 'https://registry.npmjs.org/gulp-sass/-/gulp-sass-1.3.3.tgz' },
317 silly install resolved   { name: 'gulp-minify-css',
317 silly install resolved     description: 'Minify css with clean-css.',
317 silly install resolved     version: '0.3.13',
317 silly install resolved     repository:
317 silly install resolved      { type: 'git',
317 silly install resolved        url: 'https://github.com/jonathanepollack/gulp-minify-css.git' },
317 silly install resolved     homepage: 'https://github.com/jonathanepollack/gulp-minify-css',
317 silly install resolved     keywords: [ 'gulpplugin', 'minify', 'css' ],
317 silly install resolved     main: './index.js',
317 silly install resolved     engines: { node: '>= 0.10' },
317 silly install resolved     scripts: { test: 'mocha' },
317 silly install resolved     dependencies:
317 silly install resolved      { 'gulp-util': '~3.0.1',
317 silly install resolved        'clean-css': '~3.0.4',
317 silly install resolved        through2: '^0.6.1',
317 silly install resolved        bufferstreams: '0.0.2',
317 silly install resolved        'memory-cache': '0.0.5',
317 silly install resolved        'vinyl-sourcemaps-apply': '^0.1.4' },
317 silly install resolved     devDependencies:
317 silly install resolved      { mocha: '^1.21.4',
317 silly install resolved        chai: '^1.9.0',
317 silly install resolved        gulp: '^3.8.8',
317 silly install resolved        'gulp-sourcemaps': '^1.3.0',
317 silly install resolved        proxyquire: '^1.0.1',
317 silly install resolved        'event-stream': '^3.1.0' },
317 silly install resolved     licenses: [ [Object] ],
317 silly install resolved     gitHead: 'e8dc2186b632e4696ed5b1dfa50ad597b815a0dd',
317 silly install resolved     bugs: { url: 'https://github.com/jonathanepollack/gulp-minify-css/issues' },
317 silly install resolved     _id: 'gulp-minify-css@0.3.13',
317 silly install resolved     _shasum: 'ba813c665422868305383ccd185f239c1e35209b',
317 silly install resolved     _from: 'gulp-minify-css@>=0.3.0 <0.4.0',
317 silly install resolved     _npmVersion: '2.0.0',
317 silly install resolved     _npmUser:
317 silly install resolved      { name: 'jonathanepollack',
317 silly install resolved        email: 'jonathanepollack@gmail.com' },
317 silly install resolved     maintainers: [ [Object] ],
317 silly install resolved     dist:
317 silly install resolved      { shasum: 'ba813c665422868305383ccd185f239c1e35209b',
317 silly install resolved        tarball: 'http://registry.npmjs.org/gulp-minify-css/-/gulp-minify-css-0.3.13.tgz' },
317 silly install resolved     directories: {},
317 silly install resolved     _resolved: 'https://registry.npmjs.org/gulp-minify-css/-/gulp-minify-css-0.3.13.tgz' },
317 silly install resolved   { name: 'gulp-util',
317 silly install resolved     description: 'Utility functions for gulp plugins',
317 silly install resolved     version: '2.2.20',
317 silly install resolved     homepage: 'http://github.com/wearefractal/gulp-util',
317 silly install resolved     repository:
317 silly install resolved      { type: 'git',
317 silly install resolved        url: 'git://github.com/wearefractal/gulp-util.git' },
317 silly install resolved     author:
317 silly install resolved      { name: 'Fractal',
317 silly install resolved        email: 'contact@wearefractal.com',
317 silly install resolved        url: 'http://wearefractal.com/' },
317 silly install resolved     main: './index.js',
317 silly install resolved     dependencies:
317 silly install resolved      { chalk: '^0.5.0',
317 silly install resolved        dateformat: '^1.0.7-1.2.3',
317 silly install resolved        'lodash._reinterpolate': '^2.4.1',
317 silly install resolved        'lodash.template': '^2.4.1',
317 silly install resolved        minimist: '^0.2.0',
317 silly install resolved        multipipe: '^0.1.0',
317 silly install resolved        through2: '^0.5.0',
317 silly install resolved        vinyl: '^0.2.1' },
317 silly install resolved     devDependencies:
317 silly install resolved      { mocha: '^1.17.0',
317 silly install resolved        should: '^4.0.0',
317 silly install resolved        'mocha-lcov-reporter': '^0.0.1',
317 silly install resolved        coveralls: '^2.7.0',
317 silly install resolved        istanbul: '^0.2.3',
317 silly install resolved        rimraf: '^2.2.5',
317 silly install resolved        jshint: '^2.4.1',
317 silly install resolved        'buffer-equal': '~0.0.1',
317 silly install resolved        'lodash.templatesettings': '^2.4.1',
317 silly install resolved        'event-stream': '^3.1.0' },
317 silly install resolved     scripts:
317 silly install resolved      { test: 'mocha --reporter spec && jshint',
317 silly install resolved        coveralls: 'istanbul cover _mocha --report lcovonly -- -R spec && cat ./coverage/lcov.info | coveralls && rm -rf ./coverage' },
317 silly install resolved     engines: { node: '>= 0.9' },
317 silly install resolved     licenses: [ [Object] ],
317 silly install resolved     gitHead: 'a44e450cfbe65fa4902b198bead4c65722cced0a',
317 silly install resolved     bugs: { url: 'https://github.com/wearefractal/gulp-util/issues' },
317 silly install resolved     _id: 'gulp-util@2.2.20',
317 silly install resolved     _shasum: 'd7146e5728910bd8f047a6b0b1e549bc22dbd64c',
317 silly install resolved     _from: 'gulp-util@>=2.2.14 <3.0.0',
317 silly install resolved     _npmVersion: '1.5.0-alpha-1',
317 silly install resolved     _npmUser: { name: 'fractal', email: 'contact@wearefractal.com' },
317 silly install resolved     maintainers: [ [Object] ],
317 silly install resolved     dist:
317 silly install resolved      { shasum: 'd7146e5728910bd8f047a6b0b1e549bc22dbd64c',
317 silly install resolved        tarball: 'http://registry.npmjs.org/gulp-util/-/gulp-util-2.2.20.tgz' },
317 silly install resolved     directories: {},
317 silly install resolved     _resolved: 'https://registry.npmjs.org/gulp-util/-/gulp-util-2.2.20.tgz' },
317 silly install resolved   { name: 'gulp',
317 silly install resolved     description: 'The streaming build system',
317 silly install resolved     version: '3.9.0',
317 silly install resolved     homepage: 'http://gulpjs.com',
317 silly install resolved     repository: { type: 'git', url: 'git+https://github.com/gulpjs/gulp.git' },
317 silly install resolved     author:
317 silly install resolved      { name: 'Fractal',
317 silly install resolved        email: 'contact@wearefractal.com',
317 silly install resolved        url: 'http://wearefractal.com/' },
317 silly install resolved     tags: [ 'build', 'stream', 'system', 'make', 'tool', 'asset', 'pipeline' ],
317 silly install resolved     files: [ 'index.js', 'lib', 'bin', 'completion' ],
317 silly install resolved     bin: { gulp: './bin/gulp.js' },
317 silly install resolved     man: [ 'gulp.1' ],
317 silly install resolved     dependencies:
317 silly install resolved      { archy: '^1.0.0',
317 silly install resolved        chalk: '^1.0.0',
317 silly install resolved        deprecated: '^0.0.1',
317 silly install resolved        'gulp-util': '^3.0.0',
317 silly install resolved        interpret: '^0.6.2',
317 silly install resolved        liftoff: '^2.1.0',
317 silly install resolved        minimist: '^1.1.0',
317 silly install resolved        orchestrator: '^0.3.0',
317 silly install resolved        'pretty-hrtime': '^1.0.0',
317 silly install resolved        semver: '^4.1.0',
317 silly install resolved        tildify: '^1.0.0',
317 silly install resolved        v8flags: '^2.0.2',
317 silly install resolved        'vinyl-fs': '^0.3.0' },
317 silly install resolved     devDependencies:
317 silly install resolved      { coveralls: '^2.7.0',
317 silly install resolved        'graceful-fs': '^3.0.0',
317 silly install resolved        istanbul: '^0.3.0',
317 silly install resolved        jscs: '~1.12.0',
317 silly install resolved        jshint: '^2.5.0',
317 silly install resolved        'jshint-stylish': '^1.0.0',
317 silly install resolved        'marked-man': '^0.1.3',
317 silly install resolved        mkdirp: '^0.5.0',
317 silly install resolved        mocha: '^2.0.1',
317 silly install resolved        'mocha-lcov-reporter': '^0.0.1',
317 silly install resolved        q: '^1.0.0',
317 silly install resolved        rimraf: '^2.2.5',
317 silly install resolved        should: '^5.0.1' },
317 silly install resolved     scripts:
317 silly install resolved      { prepublish: 'marked-man --name gulp docs/CLI.md > gulp.1',
317 silly install resolved        lint: 'jshint lib bin test index.js --reporter node_modules/jshint-stylish/stylish.js --exclude node_modules && jscs lib bin test index.js',
317 silly install resolved        test: 'npm run-script lint && mocha --reporter spec',
317 silly install resolved        coveralls: 'istanbul cover _mocha --report lcovonly -- -R spec && cat ./coverage/lcov.info | coveralls && rm -rf ./coverage' },
317 silly install resolved     engines: { node: '>= 0.9' },
317 silly install resolved     license: 'MIT',
317 silly install resolved     gitHead: '657213a52d5e9c19b85df6a42f76341a98c08ae8',
317 silly install resolved     bugs: { url: 'https://github.com/gulpjs/gulp/issues' },
317 silly install resolved     _id: 'gulp@3.9.0',
317 silly install resolved     _shasum: 'cf1fba4cb558bb8c6ae6c9613f583ae2620d214a',
317 silly install resolved     _from: 'gulp@>=3.5.6 <4.0.0',
317 silly install resolved     _npmVersion: '2.8.3',
317 silly install resolved     _nodeVersion: '0.10.36',
317 silly install resolved     _npmUser: { name: 'phated', email: 'blaine@iceddev.com' },
317 silly install resolved     maintainers: [ [Object], [Object] ],
317 silly install resolved     dist:
317 silly install resolved      { shasum: 'cf1fba4cb558bb8c6ae6c9613f583ae2620d214a',
317 silly install resolved        tarball: 'http://registry.npmjs.org/gulp/-/gulp-3.9.0.tgz' },
317 silly install resolved     directories: {},
317 silly install resolved     _resolved: 'https://registry.npmjs.org/gulp/-/gulp-3.9.0.tgz' },
317 silly install resolved   { name: 'bower',
317 silly install resolved     version: '1.6.9',
317 silly install resolved     description: 'The browser package manager',
317 silly install resolved     author: { name: 'Twitter' },
317 silly install resolved     license: 'MIT',
317 silly install resolved     repository: { type: 'git', url: 'git+https://github.com/bower/bower.git' },
317 silly install resolved     main: 'lib',
317 silly install resolved     homepage: 'http://bower.io',
317 silly install resolved     engines: { node: '>=0.10.0' },
317 silly install resolved     keywords: [ 'bower' ],
317 silly install resolved     dependencies:
317 silly install resolved      { abbrev: '^1.0.5',
317 silly install resolved        archy: '1.0.0',
317 silly install resolved        'bower-config': '^1.2.3',
317 silly install resolved        'bower-endpoint-parser': '^0.2.2',
317 silly install resolved        'bower-json': '^0.4.0',
317 silly install resolved        'bower-logger': '^0.2.2',
317 silly install resolved        'bower-registry-client': '^1.0.0',
317 silly install resolved        cardinal: '0.4.4',
317 silly install resolved        chalk: '^1.0.0',
317 silly install resolved        chmodr: '^1.0.2',
317 silly install resolved        configstore: '^0.3.2',
317 silly install resolved        'decompress-zip': '^0.1.0',
317 silly install resolved        destroy: '^1.0.3',
317 silly install resolved        'fs-write-stream-atomic': '^1.0.5',
317 silly install resolved        fstream: '^1.0.3',
317 silly install resolved        'fstream-ignore': '^1.0.2',
317 silly install resolved        github: '^0.2.3',
317 silly install resolved        glob: '^4.3.2',
317 silly install resolved        'graceful-fs': '^3.0.5',
317 silly install resolved        handlebars: '^2.0.0',
317 silly install resolved        inquirer: '0.10.0',
317 silly install resolved        insight: '^0.7.0',
317 silly install resolved        'is-root': '^1.0.0',
317 silly install resolved        junk: '^1.0.0',
317 silly install resolved        lockfile: '^1.0.0',
317 silly install resolved        'lru-cache': '^2.5.0',
317 silly install resolved        'md5-hex': '^1.0.2',
317 silly install resolved        mkdirp: '0.5.0',
317 silly install resolved        mout: '^0.11.0',
317 silly install resolved        nopt: '^3.0.1',
317 silly install resolved        opn: '^1.0.1',
317 silly install resolved        'p-throttler': '0.1.1',
317 silly install resolved        promptly: '0.2.0',
317 silly install resolved        q: '^1.1.2',
317 silly install resolved        request: '2.53.0',
317 silly install resolved        'request-progress': '0.3.1',
317 silly install resolved        retry: '0.6.1',
317 silly install resolved        rimraf: '^2.2.8',
317 silly install resolved        semver: '^2.3.0',
317 silly install resolved        'shell-quote': '^1.4.2',
317 silly install resolved        'stringify-object': '^1.0.0',
317 silly install resolved        'tar-fs': '^1.4.1',
317 silly install resolved        tmp: '0.0.24',
317 silly install resolved        'update-notifier': '^0.3.0',
317 silly install resolved        'user-home': '^1.1.0',
317 silly install resolved        which: '^1.0.8' },
317 silly install resolved     devDependencies:
317 silly install resolved      { chai: '^1.10.0',
317 silly install resolved        coveralls: '^2.11.2',
317 silly install resolved        'expect.js': '^0.3.1',
317 silly install resolved        grunt: '^0.4.5',
317 silly install resolved        'grunt-cli': '^0.1.13',
317 silly install resolved        'grunt-contrib-jshint': '^0.10.0',
317 silly install resolved        'grunt-contrib-watch': '^0.6.1',
317 silly install resolved        'grunt-exec': '^0.4.6',
317 silly install resolved        'grunt-simple-mocha': '^0.4.0',
317 silly install resolved        istanbul: '^0.3.5',
317 silly install resolved        'load-grunt-tasks': '^2.0.0',
317 silly install resolved        mocha: '^2.1.0',
317 silly install resolved        multiline: '^1.0.2',
317 silly install resolved        nock: '^3.1.0',
317 silly install resolved        'node-uuid': '^1.4.2',
317 silly install resolved        proxyquire: '^1.3.0',
317 silly install resolved        'spawn-sync': '1.0.13' },
317 silly install resolved     scripts: { test: 'grunt test' },
317 silly install resolved     bin: { bower: 'bin/bower' },
317 silly install resolved     files: [ 'bin', 'lib', 'templates' ],
317 silly install resolved     gitHead: 'fd4c9e6aca734ffe93170eb2998ea9168c65e968',
317 silly install resolved     bugs: { url: 'https://github.com/bower/bower/issues' },
317 silly install resolved     bundleDependencies:
317 silly install resolved      [ 'abbrev',
317 silly install resolved        'archy',
317 silly install resolved        'bower-config',
317 silly install resolved        'bower-endpoint-parser',
317 silly install resolved        'bower-json',
317 silly install resolved        'bower-logger',
317 silly install resolved        'bower-registry-client',
317 silly install resolved        'cardinal',
317 silly install resolved        'chalk',
317 silly install resolved        'chmodr',
317 silly install resolved        'configstore',
317 silly install resolved        'decompress-zip',
317 silly install resolved        'destroy',
317 silly install resolved        'fs-write-stream-atomic',
317 silly install resolved        'fstream',
317 silly install resolved        'fstream-ignore',
317 silly install resolved        'github',
317 silly install resolved        'glob',
317 silly install resolved        'graceful-fs',
317 silly install resolved        'handlebars',
317 silly install resolved        'inquirer',
317 silly install resolved        'insight',
317 silly install resolved        'is-root',
317 silly install resolved        'junk',
317 silly install resolved        'lockfile',
317 silly install resolved        'lru-cache',
317 silly install resolved        'md5-hex',
317 silly install resolved        'mkdirp',
317 silly install resolved        'mout',
317 silly install resolved        'nopt',
317 silly install resolved        'opn',
317 silly install resolved        'p-throttler',
317 silly install resolved        'promptly',
317 silly install resolved        'q',
317 silly install resolved        'request',
317 silly install resolved        'request-progress',
317 silly install resolved        'retry',
317 silly install resolved        'rimraf',
317 silly install resolved        'semver',
317 silly install resolved        'shell-quote',
317 silly install resolved        'stringify-object',
317 silly install resolved        'tar-fs',
317 silly install resolved        'tmp',
317 silly install resolved        'update-notifier',
317 silly install resolved        'user-home',
317 silly install resolved        'which' ],
317 silly install resolved     _id: 'bower@1.6.9',
317 silly install resolved     _shasum: 'cdd7c908f88f8e8908a9ac237e34f591d7058b99',
317 silly install resolved     _from: 'bower@>=1.3.3 <2.0.0',
317 silly install resolved     _npmVersion: '2.14.4',
317 silly install resolved     _nodeVersion: '4.1.1',
317 silly install resolved     _npmUser: { name: 'sheerun', email: 'sheerun@sher.pl' },
317 silly install resolved     dist:
317 silly install resolved      { shasum: 'cdd7c908f88f8e8908a9ac237e34f591d7058b99',
317 silly install resolved        tarball: 'http://registry.npmjs.org/bower/-/bower-1.6.9.tgz' },
317 silly install resolved     maintainers:
317 silly install resolved      [ [Object],
317 silly install resolved        [Object],
317 silly install resolved        [Object],
317 silly install resolved        [Object],
317 silly install resolved        [Object],
317 silly install resolved        [Object],
317 silly install resolved        [Object] ],
317 silly install resolved     directories: {},
317 silly install resolved     _resolved: 'https://registry.npmjs.org/bower/-/bower-1.6.9.tgz' } ]
318 info install gulp-rename@1.2.2 into /Users/samir/Documents/HafrJalyat
319 info install shelljs@0.3.0 into /Users/samir/Documents/HafrJalyat
320 info install gulp-concat@2.6.0 into /Users/samir/Documents/HafrJalyat
321 info install gulp-sass@1.3.3 into /Users/samir/Documents/HafrJalyat
322 info install gulp-minify-css@0.3.13 into /Users/samir/Documents/HafrJalyat
323 info install gulp-util@2.2.20 into /Users/samir/Documents/HafrJalyat
324 info install gulp@3.9.0 into /Users/samir/Documents/HafrJalyat
325 info install bower@1.6.9 into /Users/samir/Documents/HafrJalyat
326 info installOne gulp-rename@1.2.2
327 verbose installOne of gulp-rename to /Users/samir/Documents/HafrJalyat not in flight; installing
328 info installOne shelljs@0.3.0
329 verbose installOne of shelljs to /Users/samir/Documents/HafrJalyat not in flight; installing
330 info installOne gulp-concat@2.6.0
331 verbose installOne of gulp-concat to /Users/samir/Documents/HafrJalyat not in flight; installing
332 info installOne gulp-sass@1.3.3
333 verbose installOne of gulp-sass to /Users/samir/Documents/HafrJalyat not in flight; installing
334 info installOne gulp-minify-css@0.3.13
335 verbose installOne of gulp-minify-css to /Users/samir/Documents/HafrJalyat not in flight; installing
336 info installOne gulp-util@2.2.20
337 verbose installOne of gulp-util to /Users/samir/Documents/HafrJalyat not in flight; installing
338 info installOne gulp@3.9.0
339 verbose installOne of gulp to /Users/samir/Documents/HafrJalyat not in flight; installing
340 info installOne bower@1.6.9
341 verbose installOne of bower to /Users/samir/Documents/HafrJalyat not in flight; installing
342 warn locking Error: EACCES, open '/Users/samir/.npm/_locks/gulp-rename-b0596175d9c90bdf.lock'
342 warn locking     at Error (native)
342 warn locking  /Users/samir/.npm/_locks/gulp-rename-b0596175d9c90bdf.lock failed { [Error: EACCES, open '/Users/samir/.npm/_locks/gulp-rename-b0596175d9c90bdf.lock']
342 warn locking   errno: -13,
342 warn locking   code: 'EACCES',
342 warn locking   path: '/Users/samir/.npm/_locks/gulp-rename-b0596175d9c90bdf.lock' }
343 verbose stack Error: Attempt to unlock /Users/samir/Documents/HafrJalyat/node_modules/gulp-rename, which hasn't been locked
343 verbose stack     at unlock (/usr/local/lib/node_modules/npm/lib/utils/locker.js:66:11)
343 verbose stack     at cb (/usr/local/lib/node_modules/npm/lib/install.js:1004:5)
343 verbose stack     at /usr/local/lib/node_modules/npm/lib/install.js:1008:20
343 verbose stack     at /usr/local/lib/node_modules/npm/lib/utils/locker.js:40:9
343 verbose stack     at cb (/usr/local/lib/node_modules/npm/node_modules/lockfile/lockfile.js:149:38)
343 verbose stack     at /usr/local/lib/node_modules/npm/node_modules/lockfile/lockfile.js:177:38
343 verbose stack     at FSReqWrap.oncomplete (fs.js:95:15)
344 verbose cwd /Users/samir/Documents/HafrJalyat
345 error Darwin 15.0.0
346 error argv "node" "/usr/local/bin/npm" "install"
347 error node v0.12.2
348 error npm  v2.7.4
349 error Attempt to unlock /Users/samir/Documents/HafrJalyat/node_modules/gulp-rename, which hasn't been locked
350 error If you need help, you may report this error at:
350 error     <https://github.com/npm/npm/issues>
351 verbose exit [ 1, true ]
