2015-06-10 21:21:44.046 تعاون الحفر[8032:318200] DiskCookieStorage changing policy from 2 to 0, cookie file: file:///Users/samir/Library/Developer/CoreSimulator/Devices/D128DAA9-46FF-4588-9B17-53A7B7EA8556/data/Containers/Data/Application/2F31180E-EA9C-48E0-A5A3-74E92F8E8057/Library/Cookies/Cookies.binarycookies
2015-06-10 21:21:44.456 تعاون الحفر[8032:318200] Apache Cordova native platform version 3.8.0 is starting.
2015-06-10 21:21:44.457 تعاون الحفر[8032:318200] Multi-tasking -> Device: YES, App: YES
2015-06-10 21:21:44.485 تعاون الحفر[8032:318200] Unlimited access to network resources
2015-06-10 21:21:45.005 تعاون الحفر[8032:318200] [CDVTimer][keyboard] 0.085056ms
2015-06-10 21:21:45.284 تعاون الحفر[8032:318200] [CDVTimer][splashscreen] 278.213024ms
2015-06-10 21:21:45.284 تعاون الحفر[8032:318200] [CDVTimer][TotalPluginStartup] 278.746009ms
2015-06-10 21:21:45.765 تعاون الحفر[8032:318200] Resetting plugins due to page load.
2015-06-10 21:21:53.954 تعاون الحفر[8032:318200] Finished load of: file:///Users/samir/Library/Developer/CoreSimulator/Devices/D128DAA9-46FF-4588-9B17-53A7B7EA8556/data/Containers/Bundle/Application/AC2180E4-F182-4280-A86C-EB7EAD678089/%D8%AA%D8%B9%D8%A7%D9%88%D9%86%20%D8%A7%D9%84%D8%AD%D9%81%D8%B1.app/www/index.html
2015-06-10 21:25:55.340 تعاون الحفر[8032:318200] Resetting plugins due to page load.
2015-06-10 21:25:55.514 تعاون الحفر[8032:318200] Finished load of: file:///Users/samir/Library/Developer/CoreSimulator/Devices/D128DAA9-46FF-4588-9B17-53A7B7EA8556/data/Containers/Bundle/Application/AC2180E4-F182-4280-A86C-EB7EAD678089/%D8%AA%D8%B9%D8%A7%D9%88%D9%86%20%D8%A7%D9%84%D8%AD%D9%81%D8%B1.app/www/home.html#/home
2015-06-10 21:26:43.502 تعاون الحفر[8032:318200] Can't find keyplane that supports type 5 for keyboard iPhone-PortraitChoco-PhonePad; using 3760611571_PortraitChoco_iPhone-Complex-Pad_Default
2015-06-10 21:26:44.016 تعاون الحفر[8032:318200] Can't find keyplane that supports type 5 for keyboard iPhone-PortraitChoco-PhonePad; using 3760611571_PortraitChoco_iPhone-Complex-Pad_Default
2015-06-11 13:33:23.889 تعاون الحفر[9084:371570] DiskCookieStorage changing policy from 2 to 0, cookie file: file:///Users/samir/Library/Developer/CoreSimulator/Devices/D128DAA9-46FF-4588-9B17-53A7B7EA8556/data/Containers/Data/Application/A2032D4B-AE54-4E54-9722-4B36B7E4CAF1/Library/Cookies/Cookies.binarycookies
2015-06-11 13:33:24.335 تعاون الحفر[9084:371570] Apache Cordova native platform version 3.8.0 is starting.
2015-06-11 13:33:24.336 تعاون الحفر[9084:371570] Multi-tasking -> Device: YES, App: YES
2015-06-11 13:33:24.363 تعاون الحفر[9084:371570] Unlimited access to network resources
2015-06-11 13:33:24.899 تعاون الحفر[9084:371570] [CDVTimer][keyboard] 0.108004ms
2015-06-11 13:33:25.184 تعاون الحفر[9084:371570] [CDVTimer][splashscreen] 284.779966ms
2015-06-11 13:33:25.184 تعاون الحفر[9084:371570] [CDVTimer][TotalPluginStartup] 285.514951ms
2015-06-11 13:33:25.388 تعاون الحفر[9084:371570] Resetting plugins due to page load.
2015-06-11 13:33:35.485 تعاون الحفر[9084:371570] Finished load of: file:///Users/samir/Library/Developer/CoreSimulator/Devices/D128DAA9-46FF-4588-9B17-53A7B7EA8556/data/Containers/Bundle/Application/7BE8ADE3-2D6E-429B-83B3-1F35FD2F8293/%D8%AA%D8%B9%D8%A7%D9%88%D9%86%20%D8%A7%D9%84%D8%AD%D9%81%D8%B1.app/www/index.html
2015-06-11 13:33:51.508 تعاون الحفر[9084:371570] Resetting plugins due to page load.
2015-06-11 13:33:51.754 تعاون الحفر[9084:371570] Finished load of: file:///Users/samir/Library/Developer/CoreSimulator/Devices/D128DAA9-46FF-4588-9B17-53A7B7EA8556/data/Containers/Bundle/Application/7BE8ADE3-2D6E-429B-83B3-1F35FD2F8293/%D8%AA%D8%B9%D8%A7%D9%88%D9%86%20%D8%A7%D9%84%D8%AD%D9%81%D8%B1.app/www/home.html#/home
2015-06-11 16:32:08.494 تعاون الحفر[9084:384385] Terminating since there is no system app.
2015-06-12 13:31:21.902 تعاون الحفر[10058:427014] DiskCookieStorage changing policy from 2 to 0, cookie file: file:///Users/samir/Library/Developer/CoreSimulator/Devices/D128DAA9-46FF-4588-9B17-53A7B7EA8556/data/Containers/Data/Application/308E2A7F-A047-4AF9-9054-B24650305EED/Library/Cookies/Cookies.binarycookies
2015-06-12 13:31:22.360 تعاون الحفر[10058:427014] Apache Cordova native platform version 3.8.0 is starting.
2015-06-12 13:31:22.360 تعاون الحفر[10058:427014] Multi-tasking -> Device: YES, App: YES
2015-06-12 13:31:22.381 تعاون الحفر[10058:427014] Unlimited access to network resources
2015-06-12 13:31:22.927 تعاون الحفر[10058:427014] [CDVTimer][keyboard] 0.084996ms
2015-06-12 13:31:23.197 تعاون الحفر[10058:427014] [CDVTimer][splashscreen] 269.241989ms
2015-06-12 13:31:23.197 تعاون الحفر[10058:427014] [CDVTimer][TotalPluginStartup] 269.795001ms
2015-06-12 13:31:23.252 تعاون الحفر[10058:427014] active
2015-06-12 13:31:23.262 تعاون الحفر[10058:427014] Attempting to badge the application icon but haven't received permission from the user to badge the application
2015-06-12 13:31:23.421 تعاون الحفر[10058:427014] Resetting plugins due to page load.
2015-06-12 13:32:15.746 تعاون الحفر[10058:427014] Finished load of: file:///Users/samir/Library/Developer/CoreSimulator/Devices/D128DAA9-46FF-4588-9B17-53A7B7EA8556/data/Containers/Bundle/Application/A351A705-6C50-41D8-809B-04995F8AE729/%D8%AA%D8%B9%D8%A7%D9%88%D9%86%20%D8%A7%D9%84%D8%AD%D9%81%D8%B1.app/www/index.html
2015-06-12 13:32:20.504 تعاون الحفر[10058:427014] Resetting plugins due to page load.
2015-06-12 13:32:20.609 تعاون الحفر[10058:427014] Finished load of: file:///Users/samir/Library/Developer/CoreSimulator/Devices/D128DAA9-46FF-4588-9B17-53A7B7EA8556/data/Containers/Bundle/Application/A351A705-6C50-41D8-809B-04995F8AE729/%D8%AA%D8%B9%D8%A7%D9%88%D9%86%20%D8%A7%D9%84%D8%AD%D9%81%D8%B1.app/www/home.html
2015-06-12 13:32:41.201 تعاون الحفر[10058:427832] Terminating since there is no system app.
2015-06-12 13:32:50.725 تعاون الحفر[10297:428426] DiskCookieStorage changing policy from 2 to 0, cookie file: file:///Users/samir/Library/Developer/CoreSimulator/Devices/D128DAA9-46FF-4588-9B17-53A7B7EA8556/data/Containers/Data/Application/B7860C12-D003-4222-A4ED-24AD69F9C3BC/Library/Cookies/Cookies.binarycookies
2015-06-12 13:32:50.828 تعاون الحفر[10297:428426] Apache Cordova native platform version 3.8.0 is starting.
2015-06-12 13:32:50.828 تعاون الحفر[10297:428426] Multi-tasking -> Device: YES, App: YES
2015-06-12 13:32:50.830 تعاون الحفر[10297:428426] Unlimited access to network resources
2015-06-12 13:32:50.925 تعاون الحفر[10297:428426] [CDVTimer][keyboard] 0.075042ms
2015-06-12 13:32:50.954 تعاون الحفر[10297:428426] [CDVTimer][splashscreen] 28.517008ms
2015-06-12 13:32:50.954 تعاون الحفر[10297:428426] [CDVTimer][TotalPluginStartup] 28.954983ms
2015-06-12 13:32:50.978 تعاون الحفر[10297:428426] active
2015-06-12 13:32:50.979 تعاون الحفر[10297:428426] Attempting to badge the application icon but haven't received permission from the user to badge the application
2015-06-12 13:32:51.036 تعاون الحفر[10297:428426] Resetting plugins due to page load.
2015-06-12 13:33:06.504 تعاون الحفر[10297:428426] Finished load of: http://192.168.1.5:8100/
2015-06-12 13:33:12.740 تعاون الحفر[10297:428426] Resetting plugins due to page load.
2015-06-12 13:33:12.869 تعاون الحفر[10297:428426] Finished load of: http://192.168.1.5:8100/home.html
2015-06-12 13:33:49.330 تعاون الحفر[10297:428426] Resetting plugins due to page load.
2015-06-12 13:33:49.394 تعاون الحفر[10297:428426] Finished load of: http://192.168.1.5:8100/home.html
2015-06-13 05:03:59.219 تعاون الحفر[11183:490387] DiskCookieStorage changing policy from 2 to 0, cookie file: file:///Users/samir/Library/Developer/CoreSimulator/Devices/D128DAA9-46FF-4588-9B17-53A7B7EA8556/data/Containers/Data/Application/7843F23A-D3D6-4B03-8D9E-31EC018543A6/Library/Cookies/Cookies.binarycookies
2015-06-13 05:03:59.654 تعاون الحفر[11183:490387] Apache Cordova native platform version 3.8.0 is starting.
2015-06-13 05:03:59.654 تعاون الحفر[11183:490387] Multi-tasking -> Device: YES, App: YES
2015-06-13 05:03:59.682 تعاون الحفر[11183:490387] Unlimited access to network resources
2015-06-13 05:04:00.217 تعاون الحفر[11183:490387] [CDVTimer][keyboard] 0.062048ms
2015-06-13 05:04:00.597 تعاون الحفر[11183:490387] [CDVTimer][splashscreen] 379.516006ms
2015-06-13 05:04:00.597 تعاون الحفر[11183:490387] [CDVTimer][TotalPluginStartup] 380.055010ms
2015-06-13 05:04:00.659 تعاون الحفر[11183:490387] active
2015-06-13 05:04:00.664 تعاون الحفر[11183:490387] Attempting to badge the application icon but haven't received permission from the user to badge the application
2015-06-13 05:04:00.836 تعاون الحفر[11183:490387] Resetting plugins due to page load.
2015-06-13 05:04:09.557 تعاون الحفر[11183:490387] Finished load of: file:///Users/samir/Library/Developer/CoreSimulator/Devices/D128DAA9-46FF-4588-9B17-53A7B7EA8556/data/Containers/Bundle/Application/33B73B09-F43A-4794-91F5-BC7837B35DC1/%D8%AA%D8%B9%D8%A7%D9%88%D9%86%20%D8%A7%D9%84%D8%AD%D9%81%D8%B1.app/www/index.html
2015-06-13 05:04:16.190 تعاون الحفر[11183:490387] Resetting plugins due to page load.
2015-06-13 05:04:16.363 تعاون الحفر[11183:490387] Finished load of: file:///Users/samir/Library/Developer/CoreSimulator/Devices/D128DAA9-46FF-4588-9B17-53A7B7EA8556/data/Containers/Bundle/Application/33B73B09-F43A-4794-91F5-BC7837B35DC1/%D8%AA%D8%B9%D8%A7%D9%88%D9%86%20%D8%A7%D9%84%D8%AD%D9%81%D8%B1.app/www/home.html#/home
2015-06-13 05:06:07.193 تعاون الحفر[11447:491808] DiskCookieStorage changing policy from 2 to 0, cookie file: file:///Users/samir/Library/Developer/CoreSimulator/Devices/D128DAA9-46FF-4588-9B17-53A7B7EA8556/data/Containers/Data/Application/E000E950-582C-45E2-A2A8-048100DB58C7/Library/Cookies/Cookies.binarycookies
2015-06-13 05:06:07.318 تعاون الحفر[11447:491808] Apache Cordova native platform version 3.8.0 is starting.
2015-06-13 05:06:07.318 تعاون الحفر[11447:491808] Multi-tasking -> Device: YES, App: YES
2015-06-13 05:06:07.320 تعاون الحفر[11447:491808] Unlimited access to network resources
2015-06-13 05:06:07.416 تعاون الحفر[11447:491808] [CDVTimer][keyboard] 0.064015ms
2015-06-13 05:06:07.471 تعاون الحفر[11447:491808] [CDVTimer][splashscreen] 55.177033ms
2015-06-13 05:06:07.472 تعاون الحفر[11447:491808] [CDVTimer][TotalPluginStartup] 55.633008ms
2015-06-13 05:06:07.501 تعاون الحفر[11447:491808] active
2015-06-13 05:06:07.502 تعاون الحفر[11447:491808] Attempting to badge the application icon but haven't received permission from the user to badge the application
2015-06-13 05:06:07.540 تعاون الحفر[11447:491808] Resetting plugins due to page load.
2015-06-13 05:06:21.008 تعاون الحفر[11447:491808] Finished load of: file:///Users/samir/Library/Developer/CoreSimulator/Devices/D128DAA9-46FF-4588-9B17-53A7B7EA8556/data/Containers/Bundle/Application/02C5391E-563D-4FFB-9A31-8626CB0B2EB1/%D8%AA%D8%B9%D8%A7%D9%88%D9%86%20%D8%A7%D9%84%D8%AD%D9%81%D8%B1.app/www/index.html
2015-06-13 05:06:23.182 تعاون الحفر[11447:491808] Resetting plugins due to page load.
2015-06-13 05:06:23.303 تعاون الحفر[11447:491808] Finished load of: file:///Users/samir/Library/Developer/CoreSimulator/Devices/D128DAA9-46FF-4588-9B17-53A7B7EA8556/data/Containers/Bundle/Application/02C5391E-563D-4FFB-9A31-8626CB0B2EB1/%D8%AA%D8%B9%D8%A7%D9%88%D9%86%20%D8%A7%D9%84%D8%AD%D9%81%D8%B1.app/www/home.html#/home
2015-06-13 05:14:51.392 تعاون الحفر[11710:495261] DiskCookieStorage changing policy from 2 to 0, cookie file: file:///Users/samir/Library/Developer/CoreSimulator/Devices/D128DAA9-46FF-4588-9B17-53A7B7EA8556/data/Containers/Data/Application/D3BB9096-61D7-45D6-B553-F4432BC2B379/Library/Cookies/Cookies.binarycookies
2015-06-13 05:14:51.741 تعاون الحفر[11710:495261] Apache Cordova native platform version 3.8.0 is starting.
2015-06-13 05:14:51.741 تعاون الحفر[11710:495261] Multi-tasking -> Device: YES, App: YES
2015-06-13 05:14:51.759 تعاون الحفر[11710:495261] Unlimited access to network resources
2015-06-13 05:14:52.149 تعاون الحفر[11710:495261] [CDVTimer][keyboard] 0.079036ms
2015-06-13 05:14:52.317 تعاون الحفر[11710:495261] [CDVTimer][splashscreen] 167.536020ms
2015-06-13 05:14:52.317 تعاون الحفر[11710:495261] [CDVTimer][TotalPluginStartup] 168.049037ms
2015-06-13 05:14:52.369 تعاون الحفر[11710:495261] active
2015-06-13 05:14:52.374 تعاون الحفر[11710:495261] Attempting to badge the application icon but haven't received permission from the user to badge the application
2015-06-13 05:14:52.480 تعاون الحفر[11710:495261] Resetting plugins due to page load.
2015-06-13 05:14:59.398 تعاون الحفر[11710:495261] Finished load of: file:///Users/samir/Library/Developer/CoreSimulator/Devices/D128DAA9-46FF-4588-9B17-53A7B7EA8556/data/Containers/Bundle/Application/ED3C3A3B-9524-4F01-9EAC-26620EEDCB51/%D8%AA%D8%B9%D8%A7%D9%88%D9%86%20%D8%A7%D9%84%D8%AD%D9%81%D8%B1.app/www/index.html
2015-06-13 05:15:00.662 تعاون الحفر[11710:495261] Resetting plugins due to page load.
2015-06-13 05:15:00.831 تعاون الحفر[11710:495261] Finished load of: file:///Users/samir/Library/Developer/CoreSimulator/Devices/D128DAA9-46FF-4588-9B17-53A7B7EA8556/data/Containers/Bundle/Application/ED3C3A3B-9524-4F01-9EAC-26620EEDCB51/%D8%AA%D8%B9%D8%A7%D9%88%D9%86%20%D8%A7%D9%84%D8%AD%D9%81%D8%B1.app/www/home.html#/home
2015-06-13 05:15:04.873 تعاون الحفر[11710:495261] Ionic User: Identifying with Ionic User service
2015-06-13 05:15:15.397 تعاون الحفر[11710:495261] Ionic Push: Registering user
2015-06-13 05:15:15.477 تعاون الحفر[11710:495261] THREAD WARNING: ['PushPlugin'] took '80.363037' ms. Plugin should use a background thread.
2015-06-13 05:15:15.489 تعاون الحفر[11710:495261] ERROR: $ionicPush:REGISTER_ERROR  - remote notifications are not supported in the simulator
2015-06-13 05:15:24.387 تعاون الحفر[11710:495261] active
2015-06-13 05:21:37.925 تعاون الحفر[12000:498221] Apache Cordova native platform version 3.8.0 is starting.
2015-06-13 05:21:37.926 تعاون الحفر[12000:498221] Multi-tasking -> Device: YES, App: YES
2015-06-13 05:21:37.929 تعاون الحفر[12000:498221] Unlimited access to network resources
2015-06-13 05:21:38.046 تعاون الحفر[12000:498221] [CDVTimer][keyboard] 0.078022ms
2015-06-13 05:21:38.110 تعاون الحفر[12000:498221] [CDVTimer][splashscreen] 64.043999ms
2015-06-13 05:21:38.110 تعاون الحفر[12000:498221] [CDVTimer][TotalPluginStartup] 64.562976ms
2015-06-13 05:21:38.143 تعاون الحفر[12000:498221] active
2015-06-13 05:21:38.208 تعاون الحفر[12000:498221] Resetting plugins due to page load.
2015-06-13 05:21:52.002 تعاون الحفر[12000:498221] Finished load of: http://192.168.1.5:8100/
2015-06-13 05:22:19.513 تعاون الحفر[12000:498221] Resetting plugins due to page load.
2015-06-13 05:22:20.169 تعاون الحفر[12000:498221] Finished load of: http://192.168.1.5:8100/
2015-06-13 05:22:28.376 تعاون الحفر[12000:498221] Resetting plugins due to page load.
2015-06-13 05:22:28.619 تعاون الحفر[12000:498221] Finished load of: http://192.168.1.5:8100/home.html#/home
2015-06-13 05:23:19.350 تعاون الحفر[12000:498221] Resetting plugins due to page load.
2015-06-13 05:23:19.515 تعاون الحفر[12000:498221] Finished load of: http://192.168.1.5:8100/home.html#/home
2015-06-13 05:23:26.804 تعاون الحفر[12000:498221] Resetting plugins due to page load.
2015-06-13 05:23:27.049 تعاون الحفر[12000:498221] Finished load of: http://192.168.1.5:8100/home.html#/home
2015-06-13 05:23:32.645 تعاون الحفر[12000:498221] Resetting plugins due to page load.
2015-06-13 05:23:32.816 تعاون الحفر[12000:498221] Finished load of: http://192.168.1.5:8100/home.html#/home
2015-06-13 05:24:37.658 تعاون الحفر[12000:498221] Resetting plugins due to page load.
2015-06-13 05:24:37.899 تعاون الحفر[12000:498221] Finished load of: http://192.168.1.5:8100/home.html#/home
2015-06-13 05:25:12.946 تعاون الحفر[12000:498221] Resetting plugins due to page load.
2015-06-13 05:25:13.130 تعاون الحفر[12000:498221] Finished load of: http://192.168.1.5:8100/home.html#/home
2015-06-13 05:25:15.244 تعاون الحفر[12000:498221] Ionic User: Identifying with Ionic User service
2015-06-13 05:25:30.823 تعاون الحفر[12000:498221] Ionic Push: Registering user
2015-06-13 05:25:30.835 تعاون الحفر[12000:498221] THREAD WARNING: ['PushPlugin'] took '12.267090' ms. Plugin should use a background thread.
2015-06-13 05:25:30.848 تعاون الحفر[12000:498221] ERROR: $ionicPush:REGISTER_ERROR  - remote notifications are not supported in the simulator
2015-06-13 05:25:43.912 تعاون الحفر[12000:498221] Ionic Push: Registering user
2015-06-13 05:25:43.918 تعاون الحفر[12000:498221] ERROR: $ionicPush:REGISTER_ERROR  - remote notifications are not supported in the simulator
2015-06-13 05:27:10.942 تعاون الحفر[12000:498221] Resetting plugins due to page load.
2015-06-13 05:27:11.198 تعاون الحفر[12000:498221] Finished load of: http://192.168.1.5:8100/home.html#/home
2015-06-13 05:27:22.927 تعاون الحفر[12000:498221] Resetting plugins due to page load.
2015-06-13 05:27:23.213 تعاون الحفر[12000:498221] Finished load of: http://192.168.1.5:8100/home.html#/home
2015-06-13 05:27:56.215 تعاون الحفر[12000:498221] Resetting plugins due to page load.
2015-06-13 05:27:56.362 تعاون الحفر[12000:498221] Finished load of: http://192.168.1.5:8100/home.html#/home
2015-06-13 05:27:57.876 تعاون الحفر[12000:498221] Ionic User: Identifying with Ionic User service
2015-06-13 05:28:03.881 تعاون الحفر[12000:498221] Ionic Push: Registering user
2015-06-13 05:28:03.887 تعاون الحفر[12000:498221] ERROR: $ionicPush:REGISTER_ERROR  - remote notifications are not supported in the simulator
2015-06-13 05:28:25.224 تعاون الحفر[12000:498221] Resetting plugins due to page load.
2015-06-13 05:28:25.384 تعاون الحفر[12000:498221] Finished load of: http://192.168.1.5:8100/home.html#/home
2015-06-13 05:31:58.891 تعاون الحفر[12000:498221] ERROR: $ionicPush:REGISTER_ERROR  - remote notifications are not supported in the simulator
2015-06-13 05:32:51.492 تعاون الحفر[12000:498221] Resetting plugins due to page load.
2015-06-13 05:32:51.675 تعاون الحفر[12000:498221] Finished load of: http://192.168.1.5:8100/home.html#/home
2015-06-13 05:33:05.731 تعاون الحفر[12000:498221] ERROR: $ionicPush:REGISTER_ERROR  - remote notifications are not supported in the simulator
2015-06-13 05:35:06.102 تعاون الحفر[12000:498221] ERROR: $ionicPush:REGISTER_ERROR  - remote notifications are not supported in the simulator
2015-06-13 05:35:42.137 تعاون الحفر[12000:498221] Resetting plugins due to page load.
2015-06-13 05:35:42.303 تعاون الحفر[12000:498221] Finished load of: http://192.168.1.5:8100/home.html#/home
2015-06-13 05:35:59.076 تعاون الحفر[12000:498221] ERROR: $ionicPush:REGISTER_ERROR  - remote notifications are not supported in the simulator
2015-06-13 05:36:27.404 تعاون الحفر[12000:498221] ERROR: $ionicPush:REGISTER_ERROR  - remote notifications are not supported in the simulator
2015-06-13 05:36:56.165 تعاون الحفر[12000:498221] Resetting plugins due to page load.
2015-06-13 05:36:56.331 تعاون الحفر[12000:498221] Finished load of: http://192.168.1.5:8100/home.html#/home
2015-06-13 05:37:15.305 تعاون الحفر[12000:498221] ERROR: $ionicPush:REGISTER_ERROR  - remote notifications are not supported in the simulator
2015-06-13 05:37:28.027 تعاون الحفر[12000:498221] Resetting plugins due to page load.
2015-06-13 05:37:28.159 تعاون الحفر[12000:498221] Finished load of: http://192.168.1.5:8100/home.html#/home
2015-06-13 05:38:06.524 تعاون الحفر[12000:498221] Resetting plugins due to page load.
2015-06-13 05:38:06.713 تعاون الحفر[12000:498221] Finished load of: http://192.168.1.5:8100/home.html#/home
2015-06-13 05:38:29.614 تعاون الحفر[12000:498221] Resetting plugins due to page load.
2015-06-13 05:38:29.774 تعاون الحفر[12000:498221] Finished load of: http://192.168.1.5:8100/home.html#/home
2015-06-13 05:38:40.796 تعاون الحفر[12000:498221] ERROR: $ionicPush:REGISTER_ERROR  - remote notifications are not supported in the simulator
2015-06-13 16:32:00.386 تعاون الحفر[867:33859] Apache Cordova native platform version 3.8.0 is starting.
2015-06-13 16:32:00.389 تعاون الحفر[867:33859] Multi-tasking -> Device: YES, App: YES
2015-06-13 16:32:00.421 تعاون الحفر[867:33859] Unlimited access to network resources
2015-06-13 16:32:00.955 تعاون الحفر[867:33859] [CDVTimer][keyboard] 0.064015ms
2015-06-13 16:32:01.244 تعاون الحفر[867:33859] [CDVTimer][splashscreen] 288.688958ms
2015-06-13 16:32:01.244 تعاون الحفر[867:33859] [CDVTimer][TotalPluginStartup] 289.225996ms
2015-06-13 16:32:01.301 تعاون الحفر[867:33859] active
2015-06-13 16:32:01.468 تعاون الحفر[867:33859] Resetting plugins due to page load.
2015-06-13 16:32:01.997 تعاون الحفر[867:33859] Finished load of: file:///Users/samir/Library/Developer/CoreSimulator/Devices/D128DAA9-46FF-4588-9B17-53A7B7EA8556/data/Containers/Bundle/Application/8659109C-F080-446C-9B9A-A88617B8C327/%D8%AA%D8%B9%D8%A7%D9%88%D9%86%20%D8%A7%D9%84%D8%AD%D9%81%D8%B1.app/www/index.html
2015-06-13 16:32:28.942 تعاون الحفر[867:33859] Resetting plugins due to page load.
2015-06-13 16:32:29.085 تعاون الحفر[867:33859] Finished load of: file:///Users/samir/Library/Developer/CoreSimulator/Devices/D128DAA9-46FF-4588-9B17-53A7B7EA8556/data/Containers/Bundle/Application/8659109C-F080-446C-9B9A-A88617B8C327/%D8%AA%D8%B9%D8%A7%D9%88%D9%86%20%D8%A7%D9%84%D8%AD%D9%81%D8%B1.app/www/home.html#/home
2015-06-13 16:36:44.628 تعاون الحفر[1140:35925] Apache Cordova native platform version 3.8.0 is starting.
2015-06-13 16:36:44.629 تعاون الحفر[1140:35925] Multi-tasking -> Device: YES, App: YES
2015-06-13 16:36:44.631 تعاون الحفر[1140:35925] Unlimited access to network resources
2015-06-13 16:36:44.737 تعاون الحفر[1140:35925] [CDVTimer][keyboard] 0.055969ms
2015-06-13 16:36:44.791 تعاون الحفر[1140:35925] [CDVTimer][splashscreen] 53.709984ms
2015-06-13 16:36:44.791 تعاون الحفر[1140:35925] [CDVTimer][TotalPluginStartup] 54.131985ms
2015-06-13 16:36:44.819 تعاون الحفر[1140:35925] active
2015-06-13 16:36:44.868 تعاون الحفر[1140:35925] Resetting plugins due to page load.
2015-06-13 16:36:45.987 تعاون الحفر[1140:35925] Finished load of: file:///Users/samir/Library/Developer/CoreSimulator/Devices/D128DAA9-46FF-4588-9B17-53A7B7EA8556/data/Containers/Bundle/Application/0E47230A-BFB7-4FC1-B42E-91C81A85F294/%D8%AA%D8%B9%D8%A7%D9%88%D9%86%20%D8%A7%D9%84%D8%AD%D9%81%D8%B1.app/www/index.html
2015-06-13 16:59:34.033 تعاون الحفر[1555:71106] Apache Cordova native platform version 3.8.0 is starting.
2015-06-13 16:59:34.035 تعاون الحفر[1555:71106] Multi-tasking -> Device: YES, App: YES
2015-06-13 16:59:34.049 تعاون الحفر[1555:71106] Unlimited access to network resources
2015-06-13 16:59:34.391 تعاون الحفر[1555:71106] [CDVTimer][keyboard] 0.062048ms
2015-06-13 16:59:34.565 تعاون الحفر[1555:71106] [CDVTimer][splashscreen] 173.373997ms
2015-06-13 16:59:34.565 تعاون الحفر[1555:71106] [CDVTimer][TotalPluginStartup] 173.910975ms
2015-06-13 16:59:34.618 تعاون الحفر[1555:71106] active
2015-06-13 16:59:34.729 تعاون الحفر[1555:71106] Resetting plugins due to page load.
2015-06-13 16:59:48.341 تعاون الحفر[1555:71106] Finished load of: file:///Users/samir/Library/Developer/CoreSimulator/Devices/D128DAA9-46FF-4588-9B17-53A7B7EA8556/data/Containers/Bundle/Application/ECD9843B-061F-49DD-83CE-B9DEAF81F3E4/%D8%AA%D8%B9%D8%A7%D9%88%D9%86%20%D8%A7%D9%84%D8%AD%D9%81%D8%B1.app/www/index.html
2015-06-13 16:59:52.889 تعاون الحفر[1555:71106] Resetting plugins due to page load.
2015-06-13 16:59:53.046 تعاون الحفر[1555:71106] Finished load of: file:///Users/samir/Library/Developer/CoreSimulator/Devices/D128DAA9-46FF-4588-9B17-53A7B7EA8556/data/Containers/Bundle/Application/ECD9843B-061F-49DD-83CE-B9DEAF81F3E4/%D8%AA%D8%B9%D8%A7%D9%88%D9%86%20%D8%A7%D9%84%D8%AD%D9%81%D8%B1.app/www/home.html#/home
2015-06-13 17:01:54.833 تعاون الحفر[1555:71106] THREAD WARNING: ['PushPlugin'] took '13.995850' ms. Plugin should use a background thread.
2015-06-13 17:01:54.845 تعاون الحفر[1555:71106] ERROR: $ionicPush:REGISTER_ERROR  - remote notifications are not supported in the simulator
2015-06-14 11:18:56.899 تعاون الحفر[1555:88227] Terminating since there is no system app.
2015-06-14 14:10:55.017 تعاون الحفر[2304:118804] Apache Cordova native platform version 3.8.0 is starting.
2015-06-14 14:10:55.019 تعاون الحفر[2304:118804] Multi-tasking -> Device: YES, App: YES
2015-06-14 14:10:55.038 تعاون الحفر[2304:118804] Unlimited access to network resources
2015-06-14 14:10:55.514 تعاون الحفر[2304:118804] [CDVTimer][keyboard] 0.095963ms
2015-06-14 14:10:55.700 تعاون الحفر[2304:118804] [CDVTimer][splashscreen] 185.867012ms
2015-06-14 14:10:55.701 تعاون الحفر[2304:118804] [CDVTimer][TotalPluginStartup] 187.429965ms
2015-06-14 14:10:55.754 تعاون الحفر[2304:118804] active
2015-06-14 14:10:55.887 تعاون الحفر[2304:118804] Resetting plugins due to page load.
2015-06-14 14:11:00.247 تعاون الحفر[2304:118804] Finished load of: file:///Users/samir/Library/Developer/CoreSimulator/Devices/D128DAA9-46FF-4588-9B17-53A7B7EA8556/data/Containers/Bundle/Application/54B502D3-CD07-470D-A815-ECD363159BE1/%D8%AA%D8%B9%D8%A7%D9%88%D9%86%20%D8%A7%D9%84%D8%AD%D9%81%D8%B1.app/www/index.html
2015-06-14 14:11:07.087 تعاون الحفر[2304:118804] Resetting plugins due to page load.
2015-06-14 14:11:07.254 تعاون الحفر[2304:118804] Finished load of: file:///Users/samir/Library/Developer/CoreSimulator/Devices/D128DAA9-46FF-4588-9B17-53A7B7EA8556/data/Containers/Bundle/Application/54B502D3-CD07-470D-A815-ECD363159BE1/%D8%AA%D8%B9%D8%A7%D9%88%D9%86%20%D8%A7%D9%84%D8%AD%D9%81%D8%B1.app/www/home.html#/home
2015-06-14 14:11:07.502 تعاون الحفر[2304:118804] THREAD WARNING: ['UniversalAnalytics'] took '11.851807' ms. Plugin should use a background thread.
2015-06-14 14:12:08.469 تعاون الحفر[2304:118804] THREAD WARNING: ['PushPlugin'] took '17.244141' ms. Plugin should use a background thread.
2015-06-14 14:12:08.479 تعاون الحفر[2304:118804] ERROR: $ionicPush:REGISTER_ERROR  - remote notifications are not supported in the simulator
2015-06-14 14:13:50.240 تعاون الحفر[2304:119682] Terminating since there is no system app.
2015-06-14 14:13:50.247 تعاون الحفر[2304:119688] Communications error: <OS_xpc_error: <error: 0x365d5f4> { count = 1, contents =
	"XPCErrorDescription" => <string: 0x365d83c> { length = 22, contents = "Connection interrupted" }
}>
